#
# There is insufficient memory for the Java Runtime Environment to continue.
# Native memory allocation (malloc) failed to allocate 933296 bytes for Chunk::new
# Possible reasons:
#   The system is out of physical RAM or swap space
#   The process is running with CompressedOops enabled, and the Java Heap may be blocking the growth of the native heap
# Possible solutions:
#   Reduce memory load on the system
#   Increase physical memory or swap space
#   Check if swap backing store is full
#   Decrease Java heap size (-Xmx/-Xms)
#   Decrease number of Java threads
#   Decrease Java thread stack sizes (-Xss)
#   Set larger code cache with -XX:ReservedCodeCacheSize=
#   JVM is running with Unscaled Compressed Oops mode in which the Java heap is
#     placed in the first 4GB address space. The Java Heap base address is the
#     maximum limit for the native heap growth. Please use -XX:HeapBaseMinAddress
#     to set the Java Heap base and to place the Java Heap above 4GB virtual address.
# This output file may be truncated or incomplete.
#
#  Out of Memory Error (arena.cpp:189), pid=4056, tid=1316
#
# JRE version: Java(TM) SE Runtime Environment (17.0.12+8) (build 17.0.12+8-LTS-286)
# Java VM: Java HotSpot(TM) 64-Bit Server VM (17.0.12+8-LTS-286, mixed mode, sharing, tiered, compressed oops, compressed class ptrs, g1 gc, windows-amd64)
# No core dump will be written. Minidumps are not enabled by default on client versions of Windows
#

---------------  S U M M A R Y ------------

Command Line: org.jetbrains.kotlin.cli.jvm.K2JVMCompiler @D:\Users\ammar\BalanceApp\node_modules\expo-modules-autolinking\android\expo-gradle-plugin\expo-autolinking-settings-plugin\build\20250629_1671635135608461580.compiler.options

Host: 11th Gen Intel(R) Core(TM) i5-1135G7 @ 2.40GHz, 8 cores, 7G,  Windows 11 , 64 bit Build 22621 (10.0.22621.3958)
Time: Sun Jun 29 22:03:36 2025 Pakistan Standard Time elapsed time: 63.815250 seconds (0d 0h 1m 3s)

---------------  T H R E A D  ---------------

Current thread (0x000001df7d98b050):  JavaThread "C2 CompilerThread1" daemon [_thread_in_native, id=1316, stack(0x0000002a25200000,0x0000002a25300000)]


Current CompileTask:
C2:  63815 4327   !   4       jdk.internal.loader.BuiltinClassLoader::findClassOnClassPathOrNull (64 bytes)

Stack: [0x0000002a25200000,0x0000002a25300000]
Native frames: (J=compiled Java code, j=interpreted, Vv=VM code, C=native code)
V  [jvm.dll+0x67a04a]
V  [jvm.dll+0x7da4ed]
V  [jvm.dll+0x7dbe33]
V  [jvm.dll+0x7dc4a3]
V  [jvm.dll+0x24508f]
V  [jvm.dll+0xab773]
V  [jvm.dll+0xabd3c]
V  [jvm.dll+0x2aa52f]
V  [jvm.dll+0x581eb9]
V  [jvm.dll+0x21f422]
V  [jvm.dll+0x21f81f]
V  [jvm.dll+0x218aa0]
V  [jvm.dll+0x215b65]
V  [jvm.dll+0x1a2960]
V  [jvm.dll+0x22610b]
V  [jvm.dll+0x2242ab]
V  [jvm.dll+0x79075c]
V  [jvm.dll+0x78abea]
V  [jvm.dll+0x678f35]
C  [ucrtbase.dll+0x29333]
C  [KERNEL32.DLL+0x1257d]
C  [ntdll.dll+0x5af08]


---------------  P R O C E S S  ---------------

Threads class SMR info:
_java_thread_list=0x000001df7df69750, length=13, elements={
0x000001df59e4b8a0, 0x000001df77de0470, 0x000001df77de0e30, 0x000001df77df4c20,
0x000001df77df55e0, 0x000001df77df7fb0, 0x000001df77df8970, 0x000001df77e02f50,
0x000001df77e11740, 0x000001df77e3c680, 0x000001df7c103e20, 0x000001df7c104330,
0x000001df7d98b050
}

Java Threads: ( => current thread )
  0x000001df59e4b8a0 JavaThread "main" [_thread_in_vm, id=18552, stack(0x0000002a23d00000,0x0000002a23e00000)]
  0x000001df77de0470 JavaThread "Reference Handler" daemon [_thread_blocked, id=10516, stack(0x0000002a24400000,0x0000002a24500000)]
  0x000001df77de0e30 JavaThread "Finalizer" daemon [_thread_blocked, id=8748, stack(0x0000002a24500000,0x0000002a24600000)]
  0x000001df77df4c20 JavaThread "Signal Dispatcher" daemon [_thread_blocked, id=6392, stack(0x0000002a24600000,0x0000002a24700000)]
  0x000001df77df55e0 JavaThread "Attach Listener" daemon [_thread_blocked, id=15832, stack(0x0000002a24700000,0x0000002a24800000)]
  0x000001df77df7fb0 JavaThread "Service Thread" daemon [_thread_blocked, id=7632, stack(0x0000002a24800000,0x0000002a24900000)]
  0x000001df77df8970 JavaThread "Monitor Deflation Thread" daemon [_thread_blocked, id=21204, stack(0x0000002a24900000,0x0000002a24a00000)]
  0x000001df77e02f50 JavaThread "C2 CompilerThread0" daemon [_thread_blocked, id=6240, stack(0x0000002a24a00000,0x0000002a24b00000)]
  0x000001df77e11740 JavaThread "C1 CompilerThread0" daemon [_thread_blocked, id=6720, stack(0x0000002a24b00000,0x0000002a24c00000)]
  0x000001df77e3c680 JavaThread "Sweeper thread" daemon [_thread_blocked, id=8856, stack(0x0000002a24c00000,0x0000002a24d00000)]
  0x000001df7c103e20 JavaThread "Notification Thread" daemon [_thread_blocked, id=19192, stack(0x0000002a24d00000,0x0000002a24e00000)]
  0x000001df7c104330 JavaThread "Common-Cleaner" daemon [_thread_blocked, id=20548, stack(0x0000002a24f00000,0x0000002a25000000)]
=>0x000001df7d98b050 JavaThread "C2 CompilerThread1" daemon [_thread_in_native, id=1316, stack(0x0000002a25200000,0x0000002a25300000)]

Other Threads:
  0x000001df77ddbac0 VMThread "VM Thread" [stack: 0x0000002a24300000,0x0000002a24400000] [id=12636]
  0x000001df59ec1f50 WatcherThread [stack: 0x0000002a24e00000,0x0000002a24f00000] [id=9736]
  0x000001df59ea5ae0 GCTaskThread "GC Thread#0" [stack: 0x0000002a23e00000,0x0000002a23f00000] [id=16052]
  0x000001df7c562bd0 GCTaskThread "GC Thread#1" [stack: 0x0000002a23a00000,0x0000002a23b00000] [id=5336]
  0x000001df7c5c63e0 GCTaskThread "GC Thread#2" [stack: 0x0000002a23b00000,0x0000002a23c00000] [id=3376]
  0x000001df7c5c66a0 GCTaskThread "GC Thread#3" [stack: 0x0000002a23c00000,0x0000002a23d00000] [id=7432]
  0x000001df7c5c6b70 GCTaskThread "GC Thread#4" [stack: 0x0000002a25000000,0x0000002a25100000] [id=15464]
  0x000001df7c5f10e0 GCTaskThread "GC Thread#5" [stack: 0x0000002a25100000,0x0000002a25200000] [id=11000]
  0x000001df7c5f1be0 GCTaskThread "GC Thread#6" [stack: 0x0000002a25300000,0x0000002a25400000] [id=14564]
  0x000001df7c5f0e20 GCTaskThread "GC Thread#7" [stack: 0x0000002a25400000,0x0000002a25500000] [id=22124]
  0x000001df59eb6230 ConcurrentGCThread "G1 Main Marker" [stack: 0x0000002a23f00000,0x0000002a24000000] [id=14024]
  0x000001df59eb6c40 ConcurrentGCThread "G1 Conc#0" [stack: 0x0000002a24000000,0x0000002a24100000] [id=8864]
  0x000001df7c5f2160 ConcurrentGCThread "G1 Conc#1" [stack: 0x0000002a25600000,0x0000002a25700000] [id=22484]
  0x000001df59f0e880 ConcurrentGCThread "G1 Refine#0" [stack: 0x0000002a24100000,0x0000002a24200000] [id=18080]
  0x000001df7d76adc0 ConcurrentGCThread "G1 Refine#1" [stack: 0x0000002a25500000,0x0000002a25600000] [id=9100]
  0x000001df7dd406f0 ConcurrentGCThread "G1 Refine#2" [stack: 0x0000002a25700000,0x0000002a25800000] [id=10216]
  0x000001df7db613c0 ConcurrentGCThread "G1 Refine#3" [stack: 0x0000002a25800000,0x0000002a25900000] [id=15356]
  0x000001df7d431830 ConcurrentGCThread "G1 Refine#4" [stack: 0x0000002a25900000,0x0000002a25a00000] [id=14352]
  0x000001df77c88330 ConcurrentGCThread "G1 Service" [stack: 0x0000002a24200000,0x0000002a24300000] [id=20680]

Threads with active compile tasks:
C2 CompilerThread1    63961 4327   !   4       jdk.internal.loader.BuiltinClassLoader::findClassOnClassPathOrNull (64 bytes)

VM state: not at safepoint (normal execution)

VM Mutex/Monitor currently owned by a thread: None

Heap address: 0x0000000084000000, size: 1984 MB, Compressed Oops mode: 32-bit

CDS archive(s) mapped at: [0x000001df00000000-0x000001df00bd0000-0x000001df00bd0000), size 12386304, SharedBaseAddress: 0x000001df00000000, ArchiveRelocationMode: 1.
Compressed class space mapped at: 0x000001df01000000-0x000001df41000000, reserved size: 1073741824
Narrow klass base: 0x000001df00000000, Narrow klass shift: 0, Narrow klass range: 0x100000000

GC Precious Log:
 CPUs: 8 total, 8 available
 Memory: 7932M
 Large Page Support: Disabled
 NUMA Support: Disabled
 Compressed Oops: Enabled (32-bit)
 Heap Region Size: 1M
 Heap Min Capacity: 8M
 Heap Initial Capacity: 124M
 Heap Max Capacity: 1984M
 Pre-touch: Disabled
 Parallel Workers: 8
 Concurrent Workers: 2
 Concurrent Refinement Workers: 8
 Periodic GC: Disabled

Heap:
 garbage-first heap   total 117760K, used 54772K [0x0000000084000000, 0x0000000100000000)
  region size 1024K, 13 young (13312K), 5 survivors (5120K)
 Metaspace       used 44021K, committed 44352K, reserved 1114112K
  class space    used 5409K, committed 5568K, reserved 1048576K

Heap Regions: E=young(eden), S=young(survivor), O=old, HS=humongous(starts), HC=humongous(continues), CS=collection set, F=free, OA=open archive, CA=closed archive, TAMS=top-at-mark-start (previous, next)
|   0|0x0000000084000000, 0x0000000084100000, 0x0000000084100000|100%|HS|  |TAMS 0x0000000084100000, 0x0000000084000000| Complete 
|   1|0x0000000084100000, 0x0000000084200000, 0x0000000084200000|100%|HC|  |TAMS 0x0000000084200000, 0x0000000084100000| Complete 
|   2|0x0000000084200000, 0x0000000084300000, 0x0000000084300000|100%|HC|  |TAMS 0x0000000084300000, 0x0000000084200000| Complete 
|   3|0x0000000084300000, 0x0000000084400000, 0x0000000084400000|100%|HC|  |TAMS 0x0000000084400000, 0x0000000084300000| Complete 
|   4|0x0000000084400000, 0x0000000084500000, 0x0000000084500000|100%|HS|  |TAMS 0x0000000084500000, 0x0000000084400000| Complete 
|   5|0x0000000084500000, 0x0000000084600000, 0x0000000084600000|100%|HC|  |TAMS 0x0000000084600000, 0x0000000084500000| Complete 
|   6|0x0000000084600000, 0x0000000084700000, 0x0000000084700000|100%|HC|  |TAMS 0x0000000084700000, 0x0000000084600000| Complete 
|   7|0x0000000084700000, 0x0000000084800000, 0x0000000084800000|100%|HC|  |TAMS 0x0000000084800000, 0x0000000084700000| Complete 
|   8|0x0000000084800000, 0x0000000084900000, 0x0000000084900000|100%|HC|  |TAMS 0x0000000084900000, 0x0000000084800000| Complete 
|   9|0x0000000084900000, 0x0000000084a00000, 0x0000000084a00000|100%|HC|  |TAMS 0x0000000084a00000, 0x0000000084900000| Complete 
|  10|0x0000000084a00000, 0x0000000084b00000, 0x0000000084b00000|100%|HS|  |TAMS 0x0000000084b00000, 0x0000000084a00000| Complete 
|  11|0x0000000084b00000, 0x0000000084c00000, 0x0000000084c00000|100%| O|  |TAMS 0x0000000084c00000, 0x0000000084b00000| Untracked 
|  12|0x0000000084c00000, 0x0000000084d00000, 0x0000000084d00000|100%| O|  |TAMS 0x0000000084d00000, 0x0000000084c00000| Untracked 
|  13|0x0000000084d00000, 0x0000000084e00000, 0x0000000084e00000|100%| O|  |TAMS 0x0000000084e00000, 0x0000000084d00000| Untracked 
|  14|0x0000000084e00000, 0x0000000084f00000, 0x0000000084f00000|100%|HS|  |TAMS 0x0000000084f00000, 0x0000000084e00000| Complete 
|  15|0x0000000084f00000, 0x0000000085000000, 0x0000000085000000|100%|HS|  |TAMS 0x0000000085000000, 0x0000000084f00000| Complete 
|  16|0x0000000085000000, 0x0000000085100000, 0x0000000085100000|100%| O|  |TAMS 0x0000000085100000, 0x0000000085000000| Untracked 
|  17|0x0000000085100000, 0x0000000085200000, 0x0000000085200000|100%| O|  |TAMS 0x0000000085200000, 0x0000000085100000| Untracked 
|  18|0x0000000085200000, 0x0000000085300000, 0x0000000085300000|100%| O|  |TAMS 0x0000000085300000, 0x0000000085200000| Untracked 
|  19|0x0000000085300000, 0x0000000085400000, 0x0000000085400000|100%| O|  |TAMS 0x0000000085400000, 0x0000000085300000| Untracked 
|  20|0x0000000085400000, 0x0000000085500000, 0x0000000085500000|100%| O|  |TAMS 0x0000000085500000, 0x0000000085400000| Untracked 
|  21|0x0000000085500000, 0x0000000085600000, 0x0000000085600000|100%| O|  |TAMS 0x0000000085600000, 0x0000000085500000| Untracked 
|  22|0x0000000085600000, 0x0000000085700000, 0x0000000085700000|100%| O|  |TAMS 0x0000000085700000, 0x0000000085600000| Untracked 
|  23|0x0000000085700000, 0x0000000085800000, 0x0000000085800000|100%| O|  |TAMS 0x0000000085800000, 0x0000000085700000| Untracked 
|  24|0x0000000085800000, 0x0000000085900000, 0x0000000085900000|100%| O|  |TAMS 0x0000000085900000, 0x0000000085800000| Untracked 
|  25|0x0000000085900000, 0x0000000085a00000, 0x0000000085a00000|100%| O|  |TAMS 0x0000000085a00000, 0x0000000085900000| Untracked 
|  26|0x0000000085a00000, 0x0000000085b00000, 0x0000000085b00000|100%| O|  |TAMS 0x0000000085b00000, 0x0000000085a00000| Untracked 
|  27|0x0000000085b00000, 0x0000000085c00000, 0x0000000085c00000|100%| O|  |TAMS 0x0000000085c00000, 0x0000000085b00000| Untracked 
|  28|0x0000000085c00000, 0x0000000085d00000, 0x0000000085d00000|100%| O|  |TAMS 0x0000000085d00000, 0x0000000085c00000| Untracked 
|  29|0x0000000085d00000, 0x0000000085e00000, 0x0000000085e00000|100%| O|  |TAMS 0x0000000085e00000, 0x0000000085d00000| Untracked 
|  30|0x0000000085e00000, 0x0000000085f00000, 0x0000000085f00000|100%| O|  |TAMS 0x0000000085f00000, 0x0000000085e00000| Untracked 
|  31|0x0000000085f00000, 0x0000000086000000, 0x0000000086000000|100%| O|  |TAMS 0x0000000086000000, 0x0000000085f00000| Untracked 
|  32|0x0000000086000000, 0x0000000086100000, 0x0000000086100000|100%| O|  |TAMS 0x0000000086100000, 0x0000000086000000| Untracked 
|  33|0x0000000086100000, 0x0000000086200000, 0x0000000086200000|100%| O|  |TAMS 0x0000000086200000, 0x0000000086100000| Untracked 
|  34|0x0000000086200000, 0x0000000086300000, 0x0000000086300000|100%| O|  |TAMS 0x0000000086300000, 0x0000000086200000| Untracked 
|  35|0x0000000086300000, 0x0000000086400000, 0x0000000086400000|100%| O|  |TAMS 0x0000000086400000, 0x0000000086300000| Untracked 
|  36|0x0000000086400000, 0x0000000086500000, 0x0000000086500000|100%| O|  |TAMS 0x0000000086500000, 0x0000000086400000| Untracked 
|  37|0x0000000086500000, 0x0000000086600000, 0x0000000086600000|100%| O|  |TAMS 0x0000000086600000, 0x0000000086500000| Untracked 
|  38|0x0000000086600000, 0x0000000086700000, 0x0000000086700000|100%| O|  |TAMS 0x0000000086700000, 0x0000000086600000| Untracked 
|  39|0x0000000086700000, 0x0000000086800000, 0x0000000086800000|100%| O|  |TAMS 0x0000000086800000, 0x0000000086700000| Untracked 
|  40|0x0000000086800000, 0x0000000086900000, 0x0000000086900000|100%| O|  |TAMS 0x0000000086900000, 0x0000000086800000| Untracked 
|  41|0x0000000086900000, 0x00000000869f3400, 0x0000000086a00000| 95%| O|  |TAMS 0x00000000869f3400, 0x0000000086900000| Untracked 
|  42|0x0000000086a00000, 0x0000000086a00000, 0x0000000086b00000|  0%| F|  |TAMS 0x0000000086a00000, 0x0000000086a00000| Untracked 
|  43|0x0000000086b00000, 0x0000000086b00000, 0x0000000086c00000|  0%| F|  |TAMS 0x0000000086b00000, 0x0000000086b00000| Untracked 
|  44|0x0000000086c00000, 0x0000000086c00000, 0x0000000086d00000|  0%| F|  |TAMS 0x0000000086c00000, 0x0000000086c00000| Untracked 
|  45|0x0000000086d00000, 0x0000000086d00000, 0x0000000086e00000|  0%| F|  |TAMS 0x0000000086d00000, 0x0000000086d00000| Untracked 
|  46|0x0000000086e00000, 0x0000000086e00000, 0x0000000086f00000|  0%| F|  |TAMS 0x0000000086e00000, 0x0000000086e00000| Untracked 
|  47|0x0000000086f00000, 0x0000000086f00000, 0x0000000087000000|  0%| F|  |TAMS 0x0000000086f00000, 0x0000000086f00000| Untracked 
|  48|0x0000000087000000, 0x0000000087000000, 0x0000000087100000|  0%| F|  |TAMS 0x0000000087000000, 0x0000000087000000| Untracked 
|  49|0x0000000087100000, 0x0000000087100000, 0x0000000087200000|  0%| F|  |TAMS 0x0000000087100000, 0x0000000087100000| Untracked 
|  50|0x0000000087200000, 0x0000000087200000, 0x0000000087300000|  0%| F|  |TAMS 0x0000000087200000, 0x0000000087200000| Untracked 
|  51|0x0000000087300000, 0x0000000087300000, 0x0000000087400000|  0%| F|  |TAMS 0x0000000087300000, 0x0000000087300000| Untracked 
|  52|0x0000000087400000, 0x0000000087400000, 0x0000000087500000|  0%| F|  |TAMS 0x0000000087400000, 0x0000000087400000| Untracked 
|  53|0x0000000087500000, 0x0000000087500000, 0x0000000087600000|  0%| F|  |TAMS 0x0000000087500000, 0x0000000087500000| Untracked 
|  54|0x0000000087600000, 0x0000000087600000, 0x0000000087700000|  0%| F|  |TAMS 0x0000000087600000, 0x0000000087600000| Untracked 
|  55|0x0000000087700000, 0x0000000087700000, 0x0000000087800000|  0%| F|  |TAMS 0x0000000087700000, 0x0000000087700000| Untracked 
|  56|0x0000000087800000, 0x0000000087800000, 0x0000000087900000|  0%| F|  |TAMS 0x0000000087800000, 0x0000000087800000| Untracked 
|  57|0x0000000087900000, 0x0000000087900000, 0x0000000087a00000|  0%| F|  |TAMS 0x0000000087900000, 0x0000000087900000| Untracked 
|  58|0x0000000087a00000, 0x0000000087a00000, 0x0000000087b00000|  0%| F|  |TAMS 0x0000000087a00000, 0x0000000087a00000| Untracked 
|  59|0x0000000087b00000, 0x0000000087b00000, 0x0000000087c00000|  0%| F|  |TAMS 0x0000000087b00000, 0x0000000087b00000| Untracked 
|  60|0x0000000087c00000, 0x0000000087c00000, 0x0000000087d00000|  0%| F|  |TAMS 0x0000000087c00000, 0x0000000087c00000| Untracked 
|  61|0x0000000087d00000, 0x0000000087d00000, 0x0000000087e00000|  0%| F|  |TAMS 0x0000000087d00000, 0x0000000087d00000| Untracked 
|  62|0x0000000087e00000, 0x0000000087e00000, 0x0000000087f00000|  0%| F|  |TAMS 0x0000000087e00000, 0x0000000087e00000| Untracked 
|  63|0x0000000087f00000, 0x0000000087f00000, 0x0000000088000000|  0%| F|  |TAMS 0x0000000087f00000, 0x0000000087f00000| Untracked 
|  64|0x0000000088000000, 0x0000000088000000, 0x0000000088100000|  0%| F|  |TAMS 0x0000000088000000, 0x0000000088000000| Untracked 
|  65|0x0000000088100000, 0x0000000088100000, 0x0000000088200000|  0%| F|  |TAMS 0x0000000088100000, 0x0000000088100000| Untracked 
|  66|0x0000000088200000, 0x0000000088200000, 0x0000000088300000|  0%| F|  |TAMS 0x0000000088200000, 0x0000000088200000| Untracked 
|  67|0x0000000088300000, 0x0000000088300000, 0x0000000088400000|  0%| F|  |TAMS 0x0000000088300000, 0x0000000088300000| Untracked 
|  68|0x0000000088400000, 0x0000000088400000, 0x0000000088500000|  0%| F|  |TAMS 0x0000000088400000, 0x0000000088400000| Untracked 
|  69|0x0000000088500000, 0x0000000088589e40, 0x0000000088600000| 53%| S|CS|TAMS 0x0000000088500000, 0x0000000088500000| Complete 
|  70|0x0000000088600000, 0x0000000088700000, 0x0000000088700000|100%| S|CS|TAMS 0x0000000088600000, 0x0000000088600000| Complete 
|  71|0x0000000088700000, 0x0000000088800000, 0x0000000088800000|100%| S|CS|TAMS 0x0000000088700000, 0x0000000088700000| Complete 
|  72|0x0000000088800000, 0x0000000088900000, 0x0000000088900000|100%| S|CS|TAMS 0x0000000088800000, 0x0000000088800000| Complete 
|  73|0x0000000088900000, 0x0000000088a00000, 0x0000000088a00000|100%| S|CS|TAMS 0x0000000088900000, 0x0000000088900000| Complete 
|  74|0x0000000088a00000, 0x0000000088a00000, 0x0000000088b00000|  0%| F|  |TAMS 0x0000000088a00000, 0x0000000088a00000| Untracked 
|  75|0x0000000088b00000, 0x0000000088b00000, 0x0000000088c00000|  0%| F|  |TAMS 0x0000000088b00000, 0x0000000088b00000| Untracked 
|  76|0x0000000088c00000, 0x0000000088c00000, 0x0000000088d00000|  0%| F|  |TAMS 0x0000000088c00000, 0x0000000088c00000| Untracked 
|  77|0x0000000088d00000, 0x0000000088d00000, 0x0000000088e00000|  0%| F|  |TAMS 0x0000000088d00000, 0x0000000088d00000| Untracked 
|  78|0x0000000088e00000, 0x0000000088e00000, 0x0000000088f00000|  0%| F|  |TAMS 0x0000000088e00000, 0x0000000088e00000| Untracked 
|  79|0x0000000088f00000, 0x0000000088f00000, 0x0000000089000000|  0%| F|  |TAMS 0x0000000088f00000, 0x0000000088f00000| Untracked 
|  80|0x0000000089000000, 0x0000000089000000, 0x0000000089100000|  0%| F|  |TAMS 0x0000000089000000, 0x0000000089000000| Untracked 
|  81|0x0000000089100000, 0x0000000089100000, 0x0000000089200000|  0%| F|  |TAMS 0x0000000089100000, 0x0000000089100000| Untracked 
|  82|0x0000000089200000, 0x0000000089200000, 0x0000000089300000|  0%| F|  |TAMS 0x0000000089200000, 0x0000000089200000| Untracked 
|  83|0x0000000089300000, 0x0000000089300000, 0x0000000089400000|  0%| F|  |TAMS 0x0000000089300000, 0x0000000089300000| Untracked 
|  84|0x0000000089400000, 0x0000000089400000, 0x0000000089500000|  0%| F|  |TAMS 0x0000000089400000, 0x0000000089400000| Untracked 
|  85|0x0000000089500000, 0x0000000089500000, 0x0000000089600000|  0%| F|  |TAMS 0x0000000089500000, 0x0000000089500000| Untracked 
|  86|0x0000000089600000, 0x0000000089600000, 0x0000000089700000|  0%| F|  |TAMS 0x0000000089600000, 0x0000000089600000| Untracked 
|  87|0x0000000089700000, 0x0000000089700000, 0x0000000089800000|  0%| F|  |TAMS 0x0000000089700000, 0x0000000089700000| Untracked 
|  88|0x0000000089800000, 0x0000000089800000, 0x0000000089900000|  0%| F|  |TAMS 0x0000000089800000, 0x0000000089800000| Untracked 
|  89|0x0000000089900000, 0x0000000089900000, 0x0000000089a00000|  0%| F|  |TAMS 0x0000000089900000, 0x0000000089900000| Untracked 
|  90|0x0000000089a00000, 0x0000000089a00000, 0x0000000089b00000|  0%| F|  |TAMS 0x0000000089a00000, 0x0000000089a00000| Untracked 
|  91|0x0000000089b00000, 0x0000000089b00000, 0x0000000089c00000|  0%| F|  |TAMS 0x0000000089b00000, 0x0000000089b00000| Untracked 
|  92|0x0000000089c00000, 0x0000000089c00000, 0x0000000089d00000|  0%| F|  |TAMS 0x0000000089c00000, 0x0000000089c00000| Untracked 
|  93|0x0000000089d00000, 0x0000000089d00000, 0x0000000089e00000|  0%| F|  |TAMS 0x0000000089d00000, 0x0000000089d00000| Untracked 
|  94|0x0000000089e00000, 0x0000000089e00000, 0x0000000089f00000|  0%| F|  |TAMS 0x0000000089e00000, 0x0000000089e00000| Untracked 
|  95|0x0000000089f00000, 0x0000000089f00000, 0x000000008a000000|  0%| F|  |TAMS 0x0000000089f00000, 0x0000000089f00000| Untracked 
|  96|0x000000008a000000, 0x000000008a000000, 0x000000008a100000|  0%| F|  |TAMS 0x000000008a000000, 0x000000008a000000| Untracked 
|  97|0x000000008a100000, 0x000000008a100000, 0x000000008a200000|  0%| F|  |TAMS 0x000000008a100000, 0x000000008a100000| Untracked 
|  98|0x000000008a200000, 0x000000008a200000, 0x000000008a300000|  0%| F|  |TAMS 0x000000008a200000, 0x000000008a200000| Untracked 
|  99|0x000000008a300000, 0x000000008a300000, 0x000000008a400000|  0%| F|  |TAMS 0x000000008a300000, 0x000000008a300000| Untracked 
| 100|0x000000008a400000, 0x000000008a400000, 0x000000008a500000|  0%| F|  |TAMS 0x000000008a400000, 0x000000008a400000| Untracked 
| 101|0x000000008a500000, 0x000000008a500000, 0x000000008a600000|  0%| F|  |TAMS 0x000000008a500000, 0x000000008a500000| Untracked 
| 102|0x000000008a600000, 0x000000008a600000, 0x000000008a700000|  0%| F|  |TAMS 0x000000008a600000, 0x000000008a600000| Untracked 
| 103|0x000000008a700000, 0x000000008a700000, 0x000000008a800000|  0%| F|  |TAMS 0x000000008a700000, 0x000000008a700000| Untracked 
| 104|0x000000008a800000, 0x000000008a800000, 0x000000008a900000|  0%| F|  |TAMS 0x000000008a800000, 0x000000008a800000| Untracked 
| 105|0x000000008a900000, 0x000000008a900000, 0x000000008aa00000|  0%| F|  |TAMS 0x000000008a900000, 0x000000008a900000| Untracked 
| 106|0x000000008aa00000, 0x000000008aa00000, 0x000000008ab00000|  0%| F|  |TAMS 0x000000008aa00000, 0x000000008aa00000| Untracked 
| 107|0x000000008ab00000, 0x000000008ac00000, 0x000000008ac00000|100%| E|  |TAMS 0x000000008ab00000, 0x000000008ab00000| Complete 
| 108|0x000000008ac00000, 0x000000008ad00000, 0x000000008ad00000|100%| E|CS|TAMS 0x000000008ac00000, 0x000000008ac00000| Complete 
| 109|0x000000008ad00000, 0x000000008ae00000, 0x000000008ae00000|100%| E|CS|TAMS 0x000000008ad00000, 0x000000008ad00000| Complete 
| 110|0x000000008ae00000, 0x000000008af00000, 0x000000008af00000|100%| E|CS|TAMS 0x000000008ae00000, 0x000000008ae00000| Complete 
| 111|0x000000008af00000, 0x000000008b000000, 0x000000008b000000|100%| E|CS|TAMS 0x000000008af00000, 0x000000008af00000| Complete 
| 112|0x000000008b000000, 0x000000008b100000, 0x000000008b100000|100%| E|CS|TAMS 0x000000008b000000, 0x000000008b000000| Complete 
| 113|0x000000008b100000, 0x000000008b200000, 0x000000008b200000|100%| E|CS|TAMS 0x000000008b100000, 0x000000008b100000| Complete 
| 123|0x000000008bb00000, 0x000000008bc00000, 0x000000008bc00000|100%| E|CS|TAMS 0x000000008bb00000, 0x000000008bb00000| Complete 

Card table byte_map: [0x000001df70e20000,0x000001df71200000] _byte_map_base: 0x000001df70a00000

Marking Bits (Prev, Next): (CMBitMap*) 0x000001df59ea6140, (CMBitMap*) 0x000001df59ea6100
 Prev Bits: [0x000001df734e0000, 0x000001df753e0000)
 Next Bits: [0x000001df715e0000, 0x000001df734e0000)

Polling page: 0x000001df57e40000

Metaspace:

Usage:
  Non-class:     37.72 MB used.
      Class:      5.29 MB used.
       Both:     43.01 MB used.

Virtual space:
  Non-class space:       64.00 MB reserved,      37.88 MB ( 59%) committed,  1 nodes.
      Class space:        1.00 GB reserved,       5.44 MB ( <1%) committed,  1 nodes.
             Both:        1.06 GB reserved,      43.31 MB (  4%) committed. 

Chunk freelists:
   Non-Class:  9.03 MB
       Class:  10.52 MB
        Both:  19.55 MB

MaxMetaspaceSize: unlimited
CompressedClassSpaceSize: 1.00 GB
Initial GC threshold: 21.00 MB
Current GC threshold: 71.06 MB
CDS: on
MetaspaceReclaimPolicy: balanced
 - commit_granule_bytes: 65536.
 - commit_granule_words: 8192.
 - virtual_space_node_default_size: 8388608.
 - enlarge_chunks_in_place: 1.
 - new_chunks_are_fully_committed: 0.
 - uncommit_free_chunks: 1.
 - use_allocation_guard: 0.
 - handle_deallocations: 1.


Internal statistics:

num_allocs_failed_limit: 9.
num_arena_births: 200.
num_arena_deaths: 0.
num_vsnodes_births: 2.
num_vsnodes_deaths: 0.
num_space_committed: 691.
num_space_uncommitted: 0.
num_chunks_returned_to_freelist: 9.
num_chunks_taken_from_freelist: 1756.
num_chunk_merges: 9.
num_chunk_splits: 1417.
num_chunks_enlarged: 1256.
num_inconsistent_stats: 0.

CodeHeap 'non-profiled nmethods': size=120000Kb used=2324Kb max_used=2324Kb free=117675Kb
 bounds [0x000001df691d0000, 0x000001df69440000, 0x000001df70700000]
CodeHeap 'profiled nmethods': size=120000Kb used=9072Kb max_used=9072Kb free=110928Kb
 bounds [0x000001df61700000, 0x000001df61fe0000, 0x000001df68c30000]
CodeHeap 'non-nmethods': size=5760Kb used=1301Kb max_used=1366Kb free=4458Kb
 bounds [0x000001df68c30000, 0x000001df68ea0000, 0x000001df691d0000]
 total_blobs=5041 nmethods=4436 adapters=516
 compilation: enabled
              stopped_count=0, restarted_count=0
 full_count=0

Compilation events (20 events):
Event: 63.743 Thread 0x000001df7d98b050 4322       4       org.jetbrains.kotlin.protobuf.GeneratedMessageLite::access$100 (12 bytes)
Event: 63.743 Thread 0x000001df7d98b050 nmethod 4322 0x000001df69406290 code [0x000001df69406420, 0x000001df694064a8]
Event: 63.769 Thread 0x000001df77e02f50 nmethod 4317 0x000001df69406590 code [0x000001df694069c0, 0x000001df69409558]
Event: 63.774 Thread 0x000001df77e02f50 4325       4       java.lang.invoke.MethodType::hashCode (53 bytes)
Event: 63.775 Thread 0x000001df7d98b050 4327   !   4       jdk.internal.loader.BuiltinClassLoader::findClassOnClassPathOrNull (64 bytes)
Event: 63.776 Thread 0x000001df77e02f50 nmethod 4325 0x000001df6940b610 code [0x000001df6940b7a0, 0x000001df6940b958]
Event: 63.776 Thread 0x000001df77e11740 4328       1       org.jetbrains.kotlin.serialization.deserialization.descriptors.DeserializedClassDescriptor$DeserializedClassMemberScope::getClassDescriptor (5 bytes)
Event: 63.776 Thread 0x000001df77e11740 nmethod 4328 0x000001df6940bb10 code [0x000001df6940bca0, 0x000001df6940bd78]
Event: 63.777 Thread 0x000001df77e11740 4329       3       org.jetbrains.kotlin.load.java.lazy.descriptors.JvmPackageScope::getContributedVariables (122 bytes)
Event: 63.777 Thread 0x000001df77e02f50 4331       4       org.jetbrains.kotlin.serialization.deserialization.descriptors.DeserializedPackageMemberScope::getContributedClassifier (26 bytes)
Event: 63.779 Thread 0x000001df77e02f50 nmethod 4331 0x000001df6940be10 code [0x000001df6940bfc0, 0x000001df6940c1e8]
Event: 63.779 Thread 0x000001df77e11740 nmethod 4329 0x000001df61f94a10 code [0x000001df61f95020, 0x000001df61f97db8]
Event: 63.779 Thread 0x000001df77e11740 4333       3       kotlin.text.StringsKt__StringsJVMKt::startsWith (36 bytes)
Event: 63.780 Thread 0x000001df77e11740 nmethod 4333 0x000001df61f98e90 code [0x000001df61f99160, 0x000001df61f99e38]
Event: 63.780 Thread 0x000001df77e11740 4330       3       org.jetbrains.kotlin.load.java.lazy.descriptors.LazyJavaPackageScope::getContributedVariables (19 bytes)
Event: 63.780 Thread 0x000001df77e11740 nmethod 4330 0x000001df61f9a310 code [0x000001df61f9a5a0, 0x000001df61f9b038]
Event: 63.780 Thread 0x000001df77e11740 4332       3       kotlin.collections.ArraysKt___ArraysKt::asIterable (38 bytes)
Event: 63.780 Thread 0x000001df77e11740 nmethod 4332 0x000001df61f9b410 code [0x000001df61f9b640, 0x000001df61f9be78]
Event: 63.780 Thread 0x000001df77e11740 4334       1       org.jetbrains.kotlin.resolve.calls.tower.KotlinResolutionCallbacksImpl::getInferenceSession (5 bytes)
Event: 63.780 Thread 0x000001df77e11740 nmethod 4334 0x000001df6940c590 code [0x000001df6940c720, 0x000001df6940c7f8]

GC Heap History (16 events):
Event: 60.109 GC heap before
{Heap before GC invocations=0 (full 0):
 garbage-first heap   total 126976K, used 27648K [0x0000000084000000, 0x0000000100000000)
  region size 1024K, 23 young (23552K), 0 survivors (0K)
 Metaspace       used 7198K, committed 7360K, reserved 1114112K
  class space    used 759K, committed 832K, reserved 1048576K
}
Event: 60.114 GC heap after
{Heap after GC invocations=1 (full 0):
 garbage-first heap   total 126976K, used 7168K [0x0000000084000000, 0x0000000100000000)
  region size 1024K, 3 young (3072K), 3 survivors (3072K)
 Metaspace       used 7198K, committed 7360K, reserved 1114112K
  class space    used 759K, committed 832K, reserved 1048576K
}
Event: 60.609 GC heap before
{Heap before GC invocations=1 (full 0):
 garbage-first heap   total 126976K, used 48128K [0x0000000084000000, 0x0000000100000000)
  region size 1024K, 36 young (36864K), 3 survivors (3072K)
 Metaspace       used 16845K, committed 17088K, reserved 1114112K
  class space    used 2225K, committed 2368K, reserved 1048576K
}
Event: 60.618 GC heap after
{Heap after GC invocations=2 (full 0):
 garbage-first heap   total 126976K, used 16989K [0x0000000084000000, 0x0000000100000000)
  region size 1024K, 3 young (3072K), 3 survivors (3072K)
 Metaspace       used 16845K, committed 17088K, reserved 1114112K
  class space    used 2225K, committed 2368K, reserved 1048576K
}
Event: 61.199 GC heap before
{Heap before GC invocations=2 (full 0):
 garbage-first heap   total 126976K, used 80477K [0x0000000084000000, 0x0000000100000000)
  region size 1024K, 63 young (64512K), 3 survivors (3072K)
 Metaspace       used 21264K, committed 21504K, reserved 1114112K
  class space    used 2899K, committed 3008K, reserved 1048576K
}
Event: 61.244 GC heap after
{Heap after GC invocations=3 (full 0):
 garbage-first heap   total 126976K, used 26624K [0x0000000084000000, 0x0000000100000000)
  region size 1024K, 10 young (10240K), 10 survivors (10240K)
 Metaspace       used 21264K, committed 21504K, reserved 1114112K
  class space    used 2899K, committed 3008K, reserved 1048576K
}
Event: 61.554 GC heap before
{Heap before GC invocations=4 (full 0):
 garbage-first heap   total 89088K, used 54272K [0x0000000084000000, 0x0000000100000000)
  region size 1024K, 29 young (29696K), 10 survivors (10240K)
 Metaspace       used 24395K, committed 24640K, reserved 1114112K
  class space    used 3259K, committed 3392K, reserved 1048576K
}
Event: 61.580 GC heap after
{Heap after GC invocations=5 (full 0):
 garbage-first heap   total 89088K, used 37376K [0x0000000084000000, 0x0000000100000000)
  region size 1024K, 4 young (4096K), 4 survivors (4096K)
 Metaspace       used 24395K, committed 24640K, reserved 1114112K
  class space    used 3259K, committed 3392K, reserved 1048576K
}
Event: 62.079 GC heap before
{Heap before GC invocations=5 (full 0):
 garbage-first heap   total 89088K, used 66048K [0x0000000084000000, 0x0000000100000000)
  region size 1024K, 32 young (32768K), 4 survivors (4096K)
 Metaspace       used 30363K, committed 30592K, reserved 1114112K
  class space    used 3820K, committed 3904K, reserved 1048576K
}
Event: 62.085 GC heap after
{Heap after GC invocations=6 (full 0):
 garbage-first heap   total 89088K, used 40207K [0x0000000084000000, 0x0000000100000000)
  region size 1024K, 3 young (3072K), 3 survivors (3072K)
 Metaspace       used 30363K, committed 30592K, reserved 1114112K
  class space    used 3820K, committed 3904K, reserved 1048576K
}
Event: 62.427 GC heap before
{Heap before GC invocations=6 (full 0):
 garbage-first heap   total 89088K, used 68879K [0x0000000084000000, 0x0000000100000000)
  region size 1024K, 30 young (30720K), 3 survivors (3072K)
 Metaspace       used 34491K, committed 34752K, reserved 1114112K
  class space    used 4294K, committed 4416K, reserved 1048576K
}
Event: 62.436 GC heap after
{Heap after GC invocations=7 (full 0):
 garbage-first heap   total 89088K, used 44884K [0x0000000084000000, 0x0000000100000000)
  region size 1024K, 4 young (4096K), 4 survivors (4096K)
 Metaspace       used 34491K, committed 34752K, reserved 1114112K
  class space    used 4294K, committed 4416K, reserved 1048576K
}
Event: 62.589 GC heap before
{Heap before GC invocations=7 (full 0):
 garbage-first heap   total 89088K, used 63316K [0x0000000084000000, 0x0000000100000000)
  region size 1024K, 23 young (23552K), 4 survivors (4096K)
 Metaspace       used 35842K, committed 36096K, reserved 1114112K
  class space    used 4423K, committed 4544K, reserved 1048576K
}
Event: 62.595 GC heap after
{Heap after GC invocations=8 (full 0):
 garbage-first heap   total 117760K, used 44334K [0x0000000084000000, 0x0000000100000000)
  region size 1024K, 2 young (2048K), 2 survivors (2048K)
 Metaspace       used 35842K, committed 36096K, reserved 1114112K
  class space    used 4423K, committed 4544K, reserved 1048576K
}
Event: 63.452 GC heap before
{Heap before GC invocations=9 (full 0):
 garbage-first heap   total 117760K, used 86318K [0x0000000084000000, 0x0000000100000000)
  region size 1024K, 43 young (44032K), 2 survivors (2048K)
 Metaspace       used 43230K, committed 43520K, reserved 1114112K
  class space    used 5307K, committed 5440K, reserved 1048576K
}
Event: 63.463 GC heap after
{Heap after GC invocations=10 (full 0):
 garbage-first heap   total 117760K, used 47604K [0x0000000084000000, 0x0000000100000000)
  region size 1024K, 5 young (5120K), 5 survivors (5120K)
 Metaspace       used 43230K, committed 43520K, reserved 1114112K
  class space    used 5307K, committed 5440K, reserved 1048576K
}

Deoptimization events (20 events):
Event: 63.634 Thread 0x000001df59e4b8a0 Uncommon trap: trap_request=0xffffffc6 fr.pc=0x000001df693b5a94 relative=0x0000000000000774
Event: 63.634 Thread 0x000001df59e4b8a0 Uncommon trap: reason=bimorphic_or_optimized_type_check action=maybe_recompile pc=0x000001df693b5a94 method=gnu.trove.TObjectHash.insertionIndex(Ljava/lang/Object;)I @ 30 c2
Event: 63.634 Thread 0x000001df59e4b8a0 DEOPT PACKING pc=0x000001df693b5a94 sp=0x0000002a23df9580
Event: 63.634 Thread 0x000001df59e4b8a0 DEOPT UNPACKING pc=0x000001df68c85ba3 sp=0x0000002a23df9510 mode 2
Event: 63.634 Thread 0x000001df59e4b8a0 Uncommon trap: trap_request=0xffffffc6 fr.pc=0x000001df693b5a94 relative=0x0000000000000774
Event: 63.634 Thread 0x000001df59e4b8a0 Uncommon trap: reason=bimorphic_or_optimized_type_check action=maybe_recompile pc=0x000001df693b5a94 method=gnu.trove.TObjectHash.insertionIndex(Ljava/lang/Object;)I @ 30 c2
Event: 63.634 Thread 0x000001df59e4b8a0 DEOPT PACKING pc=0x000001df693b5a94 sp=0x0000002a23df9580
Event: 63.634 Thread 0x000001df59e4b8a0 DEOPT UNPACKING pc=0x000001df68c85ba3 sp=0x0000002a23df9510 mode 2
Event: 63.634 Thread 0x000001df59e4b8a0 Uncommon trap: trap_request=0xffffffc6 fr.pc=0x000001df693b5a94 relative=0x0000000000000774
Event: 63.634 Thread 0x000001df59e4b8a0 Uncommon trap: reason=bimorphic_or_optimized_type_check action=maybe_recompile pc=0x000001df693b5a94 method=gnu.trove.TObjectHash.insertionIndex(Ljava/lang/Object;)I @ 30 c2
Event: 63.634 Thread 0x000001df59e4b8a0 DEOPT PACKING pc=0x000001df693b5a94 sp=0x0000002a23df9580
Event: 63.634 Thread 0x000001df59e4b8a0 DEOPT UNPACKING pc=0x000001df68c85ba3 sp=0x0000002a23df9510 mode 2
Event: 63.634 Thread 0x000001df59e4b8a0 Uncommon trap: trap_request=0xffffffc6 fr.pc=0x000001df693b5a94 relative=0x0000000000000774
Event: 63.634 Thread 0x000001df59e4b8a0 Uncommon trap: reason=bimorphic_or_optimized_type_check action=maybe_recompile pc=0x000001df693b5a94 method=gnu.trove.TObjectHash.insertionIndex(Ljava/lang/Object;)I @ 30 c2
Event: 63.634 Thread 0x000001df59e4b8a0 DEOPT PACKING pc=0x000001df693b5a94 sp=0x0000002a23df9580
Event: 63.634 Thread 0x000001df59e4b8a0 DEOPT UNPACKING pc=0x000001df68c85ba3 sp=0x0000002a23df9510 mode 2
Event: 63.679 Thread 0x000001df59e4b8a0 Uncommon trap: trap_request=0xffffff45 fr.pc=0x000001df6936f1e4 relative=0x0000000000001104
Event: 63.679 Thread 0x000001df59e4b8a0 Uncommon trap: reason=unstable_if action=reinterpret pc=0x000001df6936f1e4 method=org.jetbrains.kotlin.lexer._JetLexer.advance()Lorg/jetbrains/kotlin/com/intellij/psi/tree/IElementType; @ 403 c2
Event: 63.679 Thread 0x000001df59e4b8a0 DEOPT PACKING pc=0x000001df6936f1e4 sp=0x0000002a23dfd6a0
Event: 63.679 Thread 0x000001df59e4b8a0 DEOPT UNPACKING pc=0x000001df68c85ba3 sp=0x0000002a23dfd650 mode 2

Classes unloaded (0 events):
No events

Classes redefined (0 events):
No events

Internal exceptions (20 events):
Event: 62.116 Thread 0x000001df59e4b8a0 Exception <a 'java/lang/NoSuchMethodError'{0x00000000895df5a8}: 'java.lang.Object java.lang.invoke.DirectMethodHandle$Holder.newInvokeSpecial(java.lang.Object, java.lang.Object, int)'> (0x00000000895df5a8) 
thrown [s\open\src\hotspot\share\interpreter\linkResolver.cpp, line 759]
Event: 62.183 Thread 0x000001df59e4b8a0 Exception <a 'java/lang/NoSuchMethodError'{0x00000000893f77e0}: 'java.lang.Object java.lang.invoke.DirectMethodHandle$Holder.newInvokeSpecial(java.lang.Object, java.lang.Object, java.lang.Object, int)'> (0x00000000893f77e0) 
thrown [s\open\src\hotspot\share\interpreter\linkResolver.cpp, line 759]
Event: 62.183 Thread 0x000001df59e4b8a0 Exception <a 'java/lang/NoSuchMethodError'{0x00000000893fbe68}: 'java.lang.Object java.lang.invoke.DirectMethodHandle$Holder.invokeSpecial(java.lang.Object, java.lang.Object, java.lang.Object, java.lang.Object, int)'> (0x00000000893fbe68) 
thrown [s\open\src\hotspot\share\interpreter\linkResolver.cpp, line 759]
Event: 62.184 Thread 0x000001df59e4b8a0 Exception <a 'java/lang/NoSuchMethodError'{0x00000000893ffcd8}: 'java.lang.Object java.lang.invoke.Invokers$Holder.linkToTargetMethod(java.lang.Object, java.lang.Object, int, java.lang.Object)'> (0x00000000893ffcd8) 
thrown [s\open\src\hotspot\share\interpreter\linkResolver.cpp, line 759]
Event: 62.689 Thread 0x000001df59e4b8a0 Exception <a 'java/lang/NoSuchMethodError'{0x000000008ae42d00}: 'java.lang.Object java.lang.invoke.DirectMethodHandle$Holder.invokeStatic(java.lang.Object, java.lang.Object, java.lang.Object, java.lang.Object, int)'> (0x000000008ae42d00) 
thrown [s\open\src\hotspot\share\interpreter\linkResolver.cpp, line 759]
Event: 62.690 Thread 0x000001df59e4b8a0 Exception <a 'java/lang/NoSuchMethodError'{0x000000008ae4c740}: 'java.lang.Object java.lang.invoke.DirectMethodHandle$Holder.newInvokeSpecial(java.lang.Object, java.lang.Object, java.lang.Object, java.lang.Object, int)'> (0x000000008ae4c740) 
thrown [s\open\src\hotspot\share\interpreter\linkResolver.cpp, line 759]
Event: 62.691 Thread 0x000001df59e4b8a0 Exception <a 'java/lang/NoSuchMethodError'{0x000000008ae50fc8}: 'java.lang.Object java.lang.invoke.DirectMethodHandle$Holder.invokeSpecial(java.lang.Object, java.lang.Object, java.lang.Object, java.lang.Object, java.lang.Object, int)'> (0x000000008ae50fc8) 
thrown [s\open\src\hotspot\share\interpreter\linkResolver.cpp, line 759]
Event: 62.691 Thread 0x000001df59e4b8a0 Exception <a 'java/lang/NoSuchMethodError'{0x000000008ae55200}: 'java.lang.Object java.lang.invoke.Invokers$Holder.linkToTargetMethod(java.lang.Object, java.lang.Object, java.lang.Object, int, java.lang.Object)'> (0x000000008ae55200) 
thrown [s\open\src\hotspot\share\interpreter\linkResolver.cpp, line 759]
Event: 62.706 Thread 0x000001df59e4b8a0 Exception <a 'java/lang/NoSuchMethodError'{0x000000008ad14ef0}: 'java.lang.Object java.lang.invoke.DirectMethodHandle$Holder.newInvokeSpecial(java.lang.Object, java.lang.Object, java.lang.Object, java.lang.Object, java.lang.Object)'> (0x000000008ad14ef0) 
thrown [s\open\src\hotspot\share\interpreter\linkResolver.cpp, line 759]
Event: 62.843 Thread 0x000001df59e4b8a0 Exception <a 'java/lang/NoSuchMethodError'{0x000000008a7ab8c8}: 'java.lang.Object java.lang.invoke.DirectMethodHandle$Holder.newInvokeSpecial(java.lang.Object, java.lang.Object, java.lang.Object, java.lang.Object, java.lang.Object, java.lang.Object, java.lang.Object, java.lang.Object)'> (0x000000008a7ab8c8) 
thrown [s\open\src\hotspot\share\interpreter\linkResolver.cpp, line 759]
Event: 62.843 Thread 0x000001df59e4b8a0 Exception <a 'java/lang/NoSuchMethodError'{0x000000008a7b0ee0}: 'java.lang.Object java.lang.invoke.DirectMethodHandle$Holder.invokeSpecial(java.lang.Object, java.lang.Object, java.lang.Object, java.lang.Object, java.lang.Object, java.lang.Object, java.lang.Object, java.lang.Object, java.lang.Object)'> (0x000000008a7b0ee0) 
thrown [s\open\src\hotspot\share\interpreter\linkResolver.cpp, line 759]
Event: 62.844 Thread 0x000001df59e4b8a0 Exception <a 'java/lang/NoSuchMethodError'{0x000000008a7b5e10}: 'java.lang.Object java.lang.invoke.Invokers$Holder.linkToTargetMethod(java.lang.Object, java.lang.Object, java.lang.Object, java.lang.Object, java.lang.Object, java.lang.Object, java.lang.Object, java.lang.Object)'> (0x000000008a7b5e10) 
thrown [s\open\src\hotspot\share\interpreter\linkResolver.cpp, line 759]
Event: 62.904 Thread 0x000001df59e4b8a0 Exception <a 'java/lang/NoSuchMethodError'{0x000000008a522450}: 'java.lang.Object java.lang.invoke.DirectMethodHandle$Holder.invokeSpecial(java.lang.Object, java.lang.Object, java.lang.Object, java.lang.Object, java.lang.Object, java.lang.Object, int)'> (0x000000008a522450) 
thrown [s\open\src\hotspot\share\interpreter\linkResolver.cpp, line 759]
Event: 62.905 Thread 0x000001df59e4b8a0 Exception <a 'java/lang/NoSuchMethodError'{0x000000008a52bc48}: 'java.lang.Object java.lang.invoke.DirectMethodHandle$Holder.newInvokeSpecial(java.lang.Object, java.lang.Object, java.lang.Object, java.lang.Object, java.lang.Object, java.lang.Object)'> (0x000000008a52bc48) 
thrown [s\open\src\hotspot\share\interpreter\linkResolver.cpp, line 759]
Event: 63.121 Thread 0x000001df59e4b8a0 Implicit null exception at 0x000001df692f5b4c to 0x000001df692f5c28
Event: 63.200 Thread 0x000001df59e4b8a0 Implicit null exception at 0x000001df6939248c to 0x000001df6939286c
Event: 63.298 Thread 0x000001df59e4b8a0 Implicit null exception at 0x000001df692d4a3e to 0x000001df692d55d4
Event: 63.298 Thread 0x000001df59e4b8a0 Implicit null exception at 0x000001df692a960f to 0x000001df692a9689
Event: 63.774 Thread 0x000001df59e4b8a0 Exception <a 'java/lang/NoSuchMethodError'{0x000000008add2d90}: 'java.lang.Object java.lang.invoke.DirectMethodHandle$Holder.invokeInterface(java.lang.Object, java.lang.Object, java.lang.Object)'> (0x000000008add2d90) 
thrown [s\open\src\hotspot\share\interpreter\linkResolver.cpp, line 759]
Event: 63.774 Thread 0x000001df59e4b8a0 Exception <a 'java/lang/IncompatibleClassChangeError'{0x000000008add6700}: Found class java.lang.Object, but interface was expected> (0x000000008add6700) 
thrown [s\open\src\hotspot\share\interpreter\linkResolver.cpp, line 826]

VM Operations (20 events):
Event: 62.763 Executing VM operation: HandshakeAllThreads
Event: 62.763 Executing VM operation: HandshakeAllThreads done
Event: 62.900 Executing VM operation: ICBufferFull
Event: 62.901 Executing VM operation: ICBufferFull done
Event: 62.940 Executing VM operation: HandshakeAllThreads
Event: 62.940 Executing VM operation: HandshakeAllThreads done
Event: 63.147 Executing VM operation: ICBufferFull
Event: 63.147 Executing VM operation: ICBufferFull done
Event: 63.404 Executing VM operation: ICBufferFull
Event: 63.404 Executing VM operation: ICBufferFull done
Event: 63.452 Executing VM operation: G1CollectForAllocation
Event: 63.463 Executing VM operation: G1CollectForAllocation done
Event: 63.496 Executing VM operation: G1Concurrent
Event: 63.498 Executing VM operation: G1Concurrent done
Event: 63.509 Executing VM operation: G1Concurrent
Event: 63.509 Executing VM operation: G1Concurrent done
Event: 63.524 Executing VM operation: HandshakeAllThreads
Event: 63.524 Executing VM operation: HandshakeAllThreads done
Event: 63.779 Executing VM operation: HandshakeAllThreads
Event: 63.779 Executing VM operation: HandshakeAllThreads done

Events (20 events):
Event: 62.245 loading class java/lang/Override
Event: 62.245 loading class java/lang/Override done
Event: 62.295 loading class java/util/AbstractList$ListItr
Event: 62.295 loading class java/util/AbstractList$ListItr done
Event: 62.309 loading class java/io/InvalidObjectException
Event: 62.310 loading class java/io/InvalidObjectException done
Event: 62.317 loading class java/util/AbstractList$SubList$1
Event: 62.318 loading class java/util/AbstractList$SubList$1 done
Event: 62.326 loading class java/text/StringCharacterIterator
Event: 62.326 loading class java/text/CharacterIterator
Event: 62.326 loading class java/text/CharacterIterator done
Event: 62.327 loading class java/text/StringCharacterIterator done
Event: 62.348 loading class java/util/ArrayList$SubList$1
Event: 62.348 loading class java/util/ArrayList$SubList$1 done
Event: 62.367 loading class java/util/stream/IntPipeline$1
Event: 62.367 loading class java/util/stream/IntPipeline$1 done
Event: 62.369 loading class java/util/stream/IntPipeline$1$1
Event: 62.369 loading class java/util/stream/IntPipeline$1$1 done
Event: 62.550 loading class java/util/RegularEnumSet$EnumSetIterator
Event: 62.550 loading class java/util/RegularEnumSet$EnumSetIterator done


Dynamic libraries:
0x00007ff6f6e60000 - 0x00007ff6f6e70000 	C:\Program Files\Java\jdk-17\bin\java.exe
0x00007ff84aa70000 - 0x00007ff84ac87000 	C:\WINDOWS\SYSTEM32\ntdll.dll
0x00007ff848920000 - 0x00007ff8489e4000 	C:\WINDOWS\System32\KERNEL32.DLL
0x00007ff847dc0000 - 0x00007ff848177000 	C:\WINDOWS\System32\KERNELBASE.dll
0x00007ff8485d0000 - 0x00007ff8486e1000 	C:\WINDOWS\System32\ucrtbase.dll
0x00007ff8310c0000 - 0x00007ff8310db000 	C:\Program Files\Java\jdk-17\bin\VCRUNTIME140.dll
0x00007ff823740000 - 0x00007ff823759000 	C:\Program Files\Java\jdk-17\bin\jli.dll
0x00007ff849740000 - 0x00007ff8497f2000 	C:\WINDOWS\System32\ADVAPI32.dll
0x00007ff84a3a0000 - 0x00007ff84a447000 	C:\WINDOWS\System32\msvcrt.dll
0x00007ff848ba0000 - 0x00007ff848c48000 	C:\WINDOWS\System32\sechost.dll
0x00007ff848310000 - 0x00007ff848338000 	C:\WINDOWS\System32\bcrypt.dll
0x00007ff848fe0000 - 0x00007ff8490f4000 	C:\WINDOWS\System32\RPCRT4.dll
0x00007ff8489f0000 - 0x00007ff848b9f000 	C:\WINDOWS\System32\USER32.dll
0x00007ff8487b0000 - 0x00007ff8487d6000 	C:\WINDOWS\System32\win32u.dll
0x00007ff829a20000 - 0x00007ff829cb3000 	C:\WINDOWS\WinSxS\amd64_microsoft.windows.common-controls_6595b64144ccf1df_6.0.22621.3672_none_2713b9d173822955\COMCTL32.dll
0x00007ff849100000 - 0x00007ff849129000 	C:\WINDOWS\System32\GDI32.dll
0x00007ff848340000 - 0x00007ff848458000 	C:\WINDOWS\System32\gdi32full.dll
0x00007ff848270000 - 0x00007ff84830a000 	C:\WINDOWS\System32\msvcp_win.dll
0x00007ff836130000 - 0x00007ff83613a000 	C:\WINDOWS\SYSTEM32\VERSION.dll
0x00007ff848c50000 - 0x00007ff848c81000 	C:\WINDOWS\System32\IMM32.DLL
0x00007ff841f30000 - 0x00007ff841f3c000 	C:\Program Files\Java\jdk-17\bin\vcruntime140_1.dll
0x00007fffaada0000 - 0x00007fffaae2e000 	C:\Program Files\Java\jdk-17\bin\msvcp140.dll
0x00007fffa7500000 - 0x00007fffa80e0000 	C:\Program Files\Java\jdk-17\bin\server\jvm.dll
0x00007ff848da0000 - 0x00007ff848da8000 	C:\WINDOWS\System32\PSAPI.DLL
0x00007ff83c9f0000 - 0x00007ff83ca24000 	C:\WINDOWS\SYSTEM32\WINMM.dll
0x00007ff838e30000 - 0x00007ff838e39000 	C:\WINDOWS\SYSTEM32\WSOCK32.dll
0x00007ff84a240000 - 0x00007ff84a2b1000 	C:\WINDOWS\System32\WS2_32.dll
0x00007ff8473a0000 - 0x00007ff8473b8000 	C:\WINDOWS\SYSTEM32\kernel.appcore.dll
0x00007ff8387b0000 - 0x00007ff8387ba000 	C:\Program Files\Java\jdk-17\bin\jimage.dll
0x00007ff8456f0000 - 0x00007ff845922000 	C:\WINDOWS\SYSTEM32\DBGHELP.DLL
0x00007ff84a6e0000 - 0x00007ff84aa6e000 	C:\WINDOWS\System32\combase.dll
0x00007ff8487e0000 - 0x00007ff8488b7000 	C:\WINDOWS\System32\OLEAUT32.dll
0x00007ff81e8a0000 - 0x00007ff81e8d2000 	C:\WINDOWS\SYSTEM32\dbgcore.DLL
0x00007ff848180000 - 0x00007ff8481fb000 	C:\WINDOWS\System32\bcryptPrimitives.dll
0x00007ff823530000 - 0x00007ff823555000 	C:\Program Files\Java\jdk-17\bin\java.dll
0x00007fffa8980000 - 0x00007fffa8a57000 	C:\Program Files\Java\jdk-17\bin\jsvml.dll
0x00007ff849810000 - 0x00007ff84a079000 	C:\WINDOWS\System32\SHELL32.dll
0x00007ff845d30000 - 0x00007ff84662f000 	C:\WINDOWS\SYSTEM32\windows.storage.dll
0x00007ff845bf0000 - 0x00007ff845d2f000 	C:\WINDOWS\SYSTEM32\wintypes.dll
0x00007ff848db0000 - 0x00007ff848ea9000 	C:\WINDOWS\System32\SHCORE.dll
0x00007ff84a470000 - 0x00007ff84a4ce000 	C:\WINDOWS\System32\shlwapi.dll
0x00007ff847cf0000 - 0x00007ff847d17000 	C:\WINDOWS\SYSTEM32\profapi.dll
0x00007ff8130d0000 - 0x00007ff8130e9000 	C:\Program Files\Java\jdk-17\bin\net.dll
0x00007ff83eb00000 - 0x00007ff83ec36000 	C:\WINDOWS\SYSTEM32\WINHTTP.dll
0x00007ff8476a0000 - 0x00007ff847709000 	C:\WINDOWS\system32\mswsock.dll
0x00007ff8130b0000 - 0x00007ff8130c6000 	C:\Program Files\Java\jdk-17\bin\nio.dll
0x00007ff813090000 - 0x00007ff8130a8000 	C:\Program Files\Java\jdk-17\bin\zip.dll
0x00007ff8380e0000 - 0x00007ff8380f0000 	C:\Program Files\Java\jdk-17\bin\verify.dll

dbghelp: loaded successfully - version: 4.0.5 - missing functions: none
symbol engine: initialized successfully - sym options: 0x614 - pdb path: .;C:\Program Files\Java\jdk-17\bin;C:\WINDOWS\SYSTEM32;C:\WINDOWS\WinSxS\amd64_microsoft.windows.common-controls_6595b64144ccf1df_6.0.22621.3672_none_2713b9d173822955;C:\Program Files\Java\jdk-17\bin\server

VM Arguments:
java_command: org.jetbrains.kotlin.cli.jvm.K2JVMCompiler @D:\Users\ammar\BalanceApp\node_modules\expo-modules-autolinking\android\expo-gradle-plugin\expo-autolinking-settings-plugin\build\20250629_1671635135608461580.compiler.options
java_class_path (initial): C:\Users\ammar\.gradle\caches\modules-2\files-2.1\org.jetbrains.kotlin\kotlin-compiler-embeddable\1.9.24\78dab849090e6c5e2eadb6e59a11cdc28fb67a08\kotlin-compiler-embeddable-1.9.24.jar;C:\Users\ammar\.gradle\caches\modules-2\files-2.1\org.jetbrains.kotlin\kotlin-stdlib\1.9.24\9928532f12c66ad816a625b3f9984f8368ca6d2b\kotlin-stdlib-1.9.24.jar;C:\Users\ammar\.gradle\caches\modules-2\files-2.1\org.jetbrains.kotlin\kotlin-script-runtime\1.9.24\96771497da90fbc5af1c90fce148db2595a62502\kotlin-script-runtime-1.9.24.jar;C:\Users\ammar\.gradle\caches\modules-2\files-2.1\org.jetbrains.kotlin\kotlin-reflect\1.6.10\1cbe9c92c12a94eea200d23c2bbaedaf3daf5132\kotlin-reflect-1.6.10.jar;C:\Users\ammar\.gradle\caches\modules-2\files-2.1\org.jetbrains.kotlin\kotlin-daemon-embeddable\1.9.24\86685b9c5e8d170925bd9ddbdc263374a6a73281\kotlin-daemon-embeddable-1.9.24.jar;C:\Users\ammar\.gradle\caches\modules-2\files-2.1\org.jetbrains.intellij.deps\trove4j\1.0.20200330\3afb14d5f9ceb459d724e907a21145e8ff394f02\trove4j-1.0.20200330.jar;C:\Users\ammar\.gradle\caches\modules-2\files-2.1\org.jetbrains\annotations\13.0\919f0dfe192fb4e063e7dacadee7f8bb9a2672a9\annotations-13.0.jar
Launcher Type: SUN_STANDARD

[Global flags]
     intx CICompilerCount                          = 4                                         {product} {ergonomic}
     uint ConcGCThreads                            = 2                                         {product} {ergonomic}
     uint G1ConcRefinementThreads                  = 8                                         {product} {ergonomic}
   size_t G1HeapRegionSize                         = 1048576                                   {product} {ergonomic}
    uintx GCDrainStackTargetSize                   = 64                                        {product} {ergonomic}
   size_t InitialHeapSize                          = 130023424                                 {product} {ergonomic}
   size_t MarkStackSize                            = 4194304                                   {product} {ergonomic}
   size_t MaxHeapSize                              = 2080374784                                {product} {ergonomic}
   size_t MaxNewSize                               = 1247805440                                {product} {ergonomic}
   size_t MinHeapDeltaBytes                        = 1048576                                   {product} {ergonomic}
   size_t MinHeapSize                              = 8388608                                   {product} {ergonomic}
    uintx NonNMethodCodeHeapSize                   = 5839372                                {pd product} {ergonomic}
    uintx NonProfiledCodeHeapSize                  = 122909434                              {pd product} {ergonomic}
    uintx ProfiledCodeHeapSize                     = 122909434                              {pd product} {ergonomic}
    uintx ReservedCodeCacheSize                    = 251658240                              {pd product} {ergonomic}
     bool SegmentedCodeCache                       = true                                      {product} {ergonomic}
   size_t SoftMaxHeapSize                          = 2080374784                             {manageable} {ergonomic}
     bool UseCompressedClassPointers               = true                           {product lp64_product} {ergonomic}
     bool UseCompressedOops                        = true                           {product lp64_product} {ergonomic}
     bool UseG1GC                                  = true                                      {product} {ergonomic}
     bool UseLargePagesIndividualAllocation        = false                                  {pd product} {ergonomic}

Logging:
Log output configuration:
 #0: stdout all=warning uptime,level,tags
 #1: stderr all=off uptime,level,tags

Environment Variables:
JAVA_HOME=C:\Program Files\Java\jdk-17
CLASSPATH=D:\Users\ammar\BalanceApp\android\\gradle\wrapper\gradle-wrapper.jar
PATH=D:\Users\ammar\BalanceApp\node_modules\.bin;D:\Users\ammar\BalanceApp\node_modules\.bin;D:\Users\ammar\node_modules\.bin;D:\Users\node_modules\.bin;D:\node_modules\.bin;D:\Program Files\nodejs\node_modules\npm\node_modules\@npmcli\run-script\lib\node-gyp-bin;C:\Users\ammar\bin;D:\Program Files\Git\mingw64\bin;D:\Program Files\Git\usr\local\bin;D:\Program Files\Git\usr\bin;D:\Program Files\Git\usr\bin;D:\Program Files\Git\mingw64\bin;D:\Program Files\Git\usr\bin;C:\Users\ammar\bin;C:\Program Files\Common Files\Oracle\Java\javapath;C:\Program Files (x86)\Embarcadero\Studio\22.0\bin;C:\Users\Public\Documents\Embarcadero\Studio\22.0\Bpl;C:\Program Files (x86)\Embarcadero\Studio\22.0\bin64;C:\Users\Public\Documents\Embarcadero\Studio\22.0\Bpl\Win64;C:\windows\system32;C:\windows;C:\windows\System32\Wbem;C:\windows\System32\WindowsPowerShell\v1.0;C:\windows\System32\OpenSSH;C:\Program Files (x86)\NVIDIA Corporation\PhysX\Common;C:\WINDOWS\system32;C:\WINDOWS;C:\WINDOWS\System32\Wbem;C:\WINDOWS\System32\WindowsPowerShell\v1.0;C:\WINDOWS\System32\OpenSSH;C:\Program Files\Microsoft SQL Server\150\Tools\Binn;C:\Program Files\NVIDIA Corporation\NVIDIA NvDLISR;C:\WINDOWS\system32;C:\WINDOWS;C:\WINDOWS\System32\Wbem;C:\WINDOWS\System32\WindowsPowerShell\v1.0;C:\WINDOWS\System32\OpenSSH;C:\ProgramData\chocolatey\bin;D:\Program Files\nodejs;D:\Program Files\Git\cmd;C:\Users\ammar\AppData\Local\Microsoft\WindowsApps;C:\Users\ammar\.dotnet\tools;D:\Users\ammar\AppData\Local\Programs\Microsoft VS Code\bin;C:\Users\ammar\AppData\Roaming\npm;C:\Users\ammar\AppData\Local\Android\Sdk\platform-tools;C:\Program Files\Java\jdk-17\bin;D:\Program Files\Git\usr\bin\vendor_perl;D:\Program Files\Git\usr\bin\core_perl
USERNAME=ammar
SHELL=D:\Program Files\Git\usr\bin\bash.exe
DISPLAY=needs-to-be-defined
LC_CTYPE=en_GB.UTF-8
OS=Windows_NT
PROCESSOR_IDENTIFIER=Intel64 Family 6 Model 140 Stepping 1, GenuineIntel



---------------  S Y S T E M  ---------------

OS:
 Windows 11 , 64 bit Build 22621 (10.0.22621.3958)
OS uptime: 4 days 16:00 hours

CPU: total 8 (initial active 8) (4 cores per cpu, 2 threads per core) family 6 model 140 stepping 1 microcode 0xb8, cx8, cmov, fxsr, ht, mmx, 3dnowpref, sse, sse2, sse3, ssse3, sse4.1, sse4.2, popcnt, lzcnt, tsc, tscinvbit, avx, avx2, aes, erms, clmul, bmi1, bmi2, adx, avx512f, avx512dq, avx512cd, avx512bw, avx512vl, sha, fma, vzeroupper, avx512_vpopcntdq, avx512_vpclmulqdq, avx512_vaes, avx512_vnni, clflush, clflushopt, clwb, avx512_vbmi2, avx512_vbmi

Memory: 4k page, system-wide physical 7932M (433M free)
TotalPageFile size 23047M (AvailPageFile size 6M)
current process WorkingSet (physical memory assigned to process): 256M, peak: 258M
current process commit charge ("private bytes"): 306M, peak: 309M

vm_info: Java HotSpot(TM) 64-Bit Server VM (17.0.12+8-LTS-286) for windows-amd64 JRE (17.0.12+8-LTS-286), built on Jun  5 2024 06:46:59 by "mach5one" with MS VC++ 17.6 (VS2022)

END.
