#
# There is insufficient memory for the Java Runtime Environment to continue.
# Native memory allocation (malloc) failed to allocate 1676816 bytes for Chunk::new
# Possible reasons:
#   The system is out of physical RAM or swap space
#   The process is running with CompressedOops enabled, and the Java Heap may be blocking the growth of the native heap
# Possible solutions:
#   Reduce memory load on the system
#   Increase physical memory or swap space
#   Check if swap backing store is full
#   Decrease Java heap size (-Xmx/-Xms)
#   Decrease number of Java threads
#   Decrease Java thread stack sizes (-Xss)
#   Set larger code cache with -XX:ReservedCodeCacheSize=
#   JVM is running with Unscaled Compressed Oops mode in which the Java heap is
#     placed in the first 4GB address space. The Java Heap base address is the
#     maximum limit for the native heap growth. Please use -XX:HeapBaseMinAddress
#     to set the Java Heap base and to place the Java Heap above 4GB virtual address.
# This output file may be truncated or incomplete.
#
#  Out of Memory Error (arena.cpp:189), pid=6484, tid=19324
#
# JRE version: Java(TM) SE Runtime Environment (17.0.12+8) (build 17.0.12+8-LTS-286)
# Java VM: Java HotSpot(TM) 64-Bit Server VM (17.0.12+8-LTS-286, mixed mode, sharing, tiered, compressed oops, compressed class ptrs, g1 gc, windows-amd64)
# No core dump will be written. Minidumps are not enabled by default on client versions of Windows
#

---------------  S U M M A R Y ------------

Command Line: org.jetbrains.kotlin.cli.jvm.K2JVMCompiler @D:\Users\ammar\BalanceApp\node_modules\expo-modules-autolinking\android\expo-gradle-plugin\expo-autolinking-settings-plugin\build\20250629_8608793581482616676.compiler.options

Host: 11th Gen Intel(R) Core(TM) i5-1135G7 @ 2.40GHz, 8 cores, 7G,  Windows 11 , 64 bit Build 22621 (10.0.22621.3958)
Time: Sun Jun 29 22:06:25 2025 Pakistan Standard Time elapsed time: 8.430572 seconds (0d 0h 0m 8s)

---------------  T H R E A D  ---------------

Current thread (0x0000023712916540):  JavaThread "C2 CompilerThread2" daemon [_thread_in_native, id=19324, stack(0x0000004ceb900000,0x0000004ceba00000)]


Current CompileTask:
C2:   8430 8609   !   4       jdk.internal.loader.BuiltinClassLoader::loadClassOrNull (143 bytes)

Stack: [0x0000004ceb900000,0x0000004ceba00000]
Native frames: (J=compiled Java code, j=interpreted, Vv=VM code, C=native code)
V  [jvm.dll+0x67a04a]
V  [jvm.dll+0x7da4ed]
V  [jvm.dll+0x7dbe33]
V  [jvm.dll+0x7dc4a3]
V  [jvm.dll+0x24508f]
V  [jvm.dll+0xab773]
V  [jvm.dll+0xabd3c]
V  [jvm.dll+0x361b9f]
V  [jvm.dll+0x32c431]
V  [jvm.dll+0x32b8ca]
V  [jvm.dll+0x21683f]
V  [jvm.dll+0x215c6f]
V  [jvm.dll+0x1a2960]
V  [jvm.dll+0x22610b]
V  [jvm.dll+0x2242ab]
V  [jvm.dll+0x79075c]
V  [jvm.dll+0x78abea]
V  [jvm.dll+0x678f35]
C  [ucrtbase.dll+0x29333]
C  [KERNEL32.DLL+0x1257d]
C  [ntdll.dll+0x5af08]


---------------  P R O C E S S  ---------------

Threads class SMR info:
_java_thread_list=0x0000023713645240, length=14, elements={
0x00000236a3a8c9d0, 0x00000236c39ce980, 0x00000236c39cf340, 0x00000236c39e4fa0,
0x00000236c39e5960, 0x00000236c39e8330, 0x00000236c39e9300, 0x00000236c39ea840,
0x00000236c39ec620, 0x00000236c39ecf30, 0x00000236c3c37f00, 0x00000236c3c3ee70,
0x00000236c3cf89b0, 0x0000023712916540
}

Java Threads: ( => current thread )
  0x00000236a3a8c9d0 JavaThread "main" [_thread_in_Java, id=14280, stack(0x0000004ce9e00000,0x0000004ce9f00000)]
  0x00000236c39ce980 JavaThread "Reference Handler" daemon [_thread_blocked, id=16156, stack(0x0000004cea500000,0x0000004cea600000)]
  0x00000236c39cf340 JavaThread "Finalizer" daemon [_thread_blocked, id=7876, stack(0x0000004cea600000,0x0000004cea700000)]
  0x00000236c39e4fa0 JavaThread "Signal Dispatcher" daemon [_thread_blocked, id=10412, stack(0x0000004cea700000,0x0000004cea800000)]
  0x00000236c39e5960 JavaThread "Attach Listener" daemon [_thread_blocked, id=1980, stack(0x0000004cea800000,0x0000004cea900000)]
  0x00000236c39e8330 JavaThread "Service Thread" daemon [_thread_blocked, id=12764, stack(0x0000004cea900000,0x0000004ceaa00000)]
  0x00000236c39e9300 JavaThread "Monitor Deflation Thread" daemon [_thread_blocked, id=6960, stack(0x0000004ceaa00000,0x0000004ceab00000)]
  0x00000236c39ea840 JavaThread "C2 CompilerThread0" daemon [_thread_in_native, id=3804, stack(0x0000004ceab00000,0x0000004ceac00000)]
  0x00000236c39ec620 JavaThread "C1 CompilerThread0" daemon [_thread_in_vm, id=20856, stack(0x0000004ceac00000,0x0000004cead00000)]
  0x00000236c39ecf30 JavaThread "Sweeper thread" daemon [_thread_blocked, id=8372, stack(0x0000004cead00000,0x0000004ceae00000)]
  0x00000236c3c37f00 JavaThread "Notification Thread" daemon [_thread_blocked, id=15908, stack(0x0000004ceae00000,0x0000004ceaf00000)]
  0x00000236c3c3ee70 JavaThread "Common-Cleaner" daemon [_thread_blocked, id=4260, stack(0x0000004ceb000000,0x0000004ceb100000)]
  0x00000236c3cf89b0 JavaThread "C2 CompilerThread1" daemon [_thread_in_native, id=16088, stack(0x0000004ceb100000,0x0000004ceb200000)]
=>0x0000023712916540 JavaThread "C2 CompilerThread2" daemon [_thread_in_native, id=19324, stack(0x0000004ceb900000,0x0000004ceba00000)]

Other Threads:
  0x00000236c39c9830 VMThread "VM Thread" [stack: 0x0000004cea400000,0x0000004cea500000] [id=17636]
  0x00000236c3c39c00 WatcherThread [stack: 0x0000004ceaf00000,0x0000004ceb000000] [id=18804]
  0x00000236a3ae6b40 GCTaskThread "GC Thread#0" [stack: 0x0000004ce9f00000,0x0000004cea000000] [id=12228]
  0x000002370921ee50 GCTaskThread "GC Thread#1" [stack: 0x0000004ceb200000,0x0000004ceb300000] [id=3836]
  0x0000023709205840 GCTaskThread "GC Thread#2" [stack: 0x0000004ceb300000,0x0000004ceb400000] [id=9788]
  0x0000023709205b00 GCTaskThread "GC Thread#3" [stack: 0x0000004ceb400000,0x0000004ceb500000] [id=11780]
  0x0000023709205dc0 GCTaskThread "GC Thread#4" [stack: 0x0000004ceb500000,0x0000004ceb600000] [id=15436]
  0x0000023709206080 GCTaskThread "GC Thread#5" [stack: 0x0000004ceb600000,0x0000004ceb700000] [id=20292]
  0x000002370962d140 GCTaskThread "GC Thread#6" [stack: 0x0000004ceb700000,0x0000004ceb800000] [id=18444]
  0x00000237094e1dd0 GCTaskThread "GC Thread#7" [stack: 0x0000004ceb800000,0x0000004ceb900000] [id=15304]
  0x00000236a3af7290 ConcurrentGCThread "G1 Main Marker" [stack: 0x0000004cea000000,0x0000004cea100000] [id=9724]
  0x00000236a3af7ca0 ConcurrentGCThread "G1 Conc#0" [stack: 0x0000004cea100000,0x0000004cea200000] [id=13680]
  0x0000023712babd10 ConcurrentGCThread "G1 Conc#1" [stack: 0x0000004ceba00000,0x0000004cebb00000] [id=11444]
  0x00000236c38720b0 ConcurrentGCThread "G1 Refine#0" [stack: 0x0000004cea200000,0x0000004cea300000] [id=6552]
  0x0000023709f980e0 ConcurrentGCThread "G1 Refine#1" [stack: 0x0000004cebb00000,0x0000004cebc00000] [id=10172]
  0x0000023712886cd0 ConcurrentGCThread "G1 Refine#2" [stack: 0x0000004cebc00000,0x0000004cebd00000] [id=6424]
  0x0000023709db0980 ConcurrentGCThread "G1 Refine#3" [stack: 0x0000004cebd00000,0x0000004cebe00000] [id=19044]
  0x00000236c38729e0 ConcurrentGCThread "G1 Service" [stack: 0x0000004cea300000,0x0000004cea400000] [id=5060]

Threads with active compile tasks:
C2 CompilerThread0     8445 8662       4       java.lang.ClassLoader::loadClass (7 bytes)
C2 CompilerThread1     8446 8676       4       java.lang.ClassLoader::defineClass (43 bytes)
C2 CompilerThread2     8446 8609   !   4       jdk.internal.loader.BuiltinClassLoader::loadClassOrNull (143 bytes)

VM state: not at safepoint (normal execution)

VM Mutex/Monitor currently owned by a thread: None

Heap address: 0x0000000084000000, size: 1984 MB, Compressed Oops mode: 32-bit

CDS archive(s) mapped at: [0x00000236c4000000-0x00000236c4bd0000-0x00000236c4bd0000), size 12386304, SharedBaseAddress: 0x00000236c4000000, ArchiveRelocationMode: 1.
Compressed class space mapped at: 0x00000236c5000000-0x0000023705000000, reserved size: 1073741824
Narrow klass base: 0x00000236c4000000, Narrow klass shift: 0, Narrow klass range: 0x100000000

GC Precious Log:
 CPUs: 8 total, 8 available
 Memory: 7932M
 Large Page Support: Disabled
 NUMA Support: Disabled
 Compressed Oops: Enabled (32-bit)
 Heap Region Size: 1M
 Heap Min Capacity: 8M
 Heap Initial Capacity: 124M
 Heap Max Capacity: 1984M
 Pre-touch: Disabled
 Parallel Workers: 8
 Concurrent Workers: 2
 Concurrent Refinement Workers: 8
 Periodic GC: Disabled

Heap:
 garbage-first heap   total 160768K, used 102298K [0x0000000084000000, 0x0000000100000000)
  region size 1024K, 48 young (49152K), 7 survivors (7168K)
 Metaspace       used 59485K, committed 59840K, reserved 1114112K
  class space    used 6723K, committed 6912K, reserved 1048576K

Heap Regions: E=young(eden), S=young(survivor), O=old, HS=humongous(starts), HC=humongous(continues), CS=collection set, F=free, OA=open archive, CA=closed archive, TAMS=top-at-mark-start (previous, next)
|   0|0x0000000084000000, 0x0000000084100000, 0x0000000084100000|100%|HS|  |TAMS 0x0000000084100000, 0x0000000084000000| Complete 
|   1|0x0000000084100000, 0x0000000084200000, 0x0000000084200000|100%|HC|  |TAMS 0x0000000084200000, 0x0000000084100000| Complete 
|   2|0x0000000084200000, 0x0000000084300000, 0x0000000084300000|100%|HC|  |TAMS 0x0000000084300000, 0x0000000084200000| Complete 
|   3|0x0000000084300000, 0x0000000084400000, 0x0000000084400000|100%|HC|  |TAMS 0x0000000084400000, 0x0000000084300000| Complete 
|   4|0x0000000084400000, 0x0000000084500000, 0x0000000084500000|100%|HS|  |TAMS 0x0000000084500000, 0x0000000084400000| Complete 
|   5|0x0000000084500000, 0x0000000084600000, 0x0000000084600000|100%|HC|  |TAMS 0x0000000084600000, 0x0000000084500000| Complete 
|   6|0x0000000084600000, 0x0000000084700000, 0x0000000084700000|100%|HC|  |TAMS 0x0000000084700000, 0x0000000084600000| Complete 
|   7|0x0000000084700000, 0x0000000084800000, 0x0000000084800000|100%|HC|  |TAMS 0x0000000084800000, 0x0000000084700000| Complete 
|   8|0x0000000084800000, 0x0000000084900000, 0x0000000084900000|100%|HC|  |TAMS 0x0000000084900000, 0x0000000084800000| Complete 
|   9|0x0000000084900000, 0x0000000084a00000, 0x0000000084a00000|100%|HC|  |TAMS 0x0000000084a00000, 0x0000000084900000| Complete 
|  10|0x0000000084a00000, 0x0000000084b00000, 0x0000000084b00000|100%|HS|  |TAMS 0x0000000084b00000, 0x0000000084a00000| Complete 
|  11|0x0000000084b00000, 0x0000000084c00000, 0x0000000084c00000|100%| O|  |TAMS 0x0000000084c00000, 0x0000000084b00000| Untracked 
|  12|0x0000000084c00000, 0x0000000084d00000, 0x0000000084d00000|100%| O|  |TAMS 0x0000000084d00000, 0x0000000084c00000| Untracked 
|  13|0x0000000084d00000, 0x0000000084e00000, 0x0000000084e00000|100%| O|  |TAMS 0x0000000084e00000, 0x0000000084d00000| Untracked 
|  14|0x0000000084e00000, 0x0000000084f00000, 0x0000000084f00000|100%|HS|  |TAMS 0x0000000084f00000, 0x0000000084e00000| Complete 
|  15|0x0000000084f00000, 0x0000000085000000, 0x0000000085000000|100%|HS|  |TAMS 0x0000000085000000, 0x0000000084f00000| Complete 
|  16|0x0000000085000000, 0x0000000085100000, 0x0000000085100000|100%| O|  |TAMS 0x0000000085100000, 0x0000000085000000| Untracked 
|  17|0x0000000085100000, 0x0000000085200000, 0x0000000085200000|100%| O|  |TAMS 0x0000000085200000, 0x0000000085100000| Untracked 
|  18|0x0000000085200000, 0x0000000085300000, 0x0000000085300000|100%| O|  |TAMS 0x0000000085300000, 0x0000000085200000| Untracked 
|  19|0x0000000085300000, 0x0000000085400000, 0x0000000085400000|100%| O|  |TAMS 0x0000000085400000, 0x0000000085300000| Untracked 
|  20|0x0000000085400000, 0x0000000085500000, 0x0000000085500000|100%| O|  |TAMS 0x0000000085500000, 0x0000000085400000| Untracked 
|  21|0x0000000085500000, 0x0000000085600000, 0x0000000085600000|100%| O|  |TAMS 0x0000000085600000, 0x0000000085500000| Untracked 
|  22|0x0000000085600000, 0x0000000085700000, 0x0000000085700000|100%| O|  |TAMS 0x0000000085700000, 0x0000000085600000| Untracked 
|  23|0x0000000085700000, 0x0000000085800000, 0x0000000085800000|100%| O|  |TAMS 0x0000000085700000, 0x0000000085700000| Untracked 
|  24|0x0000000085800000, 0x0000000085900000, 0x0000000085900000|100%| O|  |TAMS 0x0000000085900000, 0x0000000085800000| Untracked 
|  25|0x0000000085900000, 0x0000000085a00000, 0x0000000085a00000|100%| O|  |TAMS 0x0000000085a00000, 0x0000000085900000| Untracked 
|  26|0x0000000085a00000, 0x0000000085b00000, 0x0000000085b00000|100%| O|  |TAMS 0x0000000085b00000, 0x0000000085a00000| Untracked 
|  27|0x0000000085b00000, 0x0000000085c00000, 0x0000000085c00000|100%| O|  |TAMS 0x0000000085c00000, 0x0000000085b00000| Untracked 
|  28|0x0000000085c00000, 0x0000000085d00000, 0x0000000085d00000|100%| O|  |TAMS 0x0000000085d00000, 0x0000000085c00000| Untracked 
|  29|0x0000000085d00000, 0x0000000085e00000, 0x0000000085e00000|100%| O|  |TAMS 0x0000000085e00000, 0x0000000085d00000| Untracked 
|  30|0x0000000085e00000, 0x0000000085f00000, 0x0000000085f00000|100%| O|  |TAMS 0x0000000085f00000, 0x0000000085e00000| Untracked 
|  31|0x0000000085f00000, 0x0000000086000000, 0x0000000086000000|100%| O|  |TAMS 0x0000000086000000, 0x0000000085f00000| Untracked 
|  32|0x0000000086000000, 0x0000000086100000, 0x0000000086100000|100%| O|  |TAMS 0x0000000086100000, 0x0000000086000000| Untracked 
|  33|0x0000000086100000, 0x0000000086200000, 0x0000000086200000|100%| O|  |TAMS 0x0000000086200000, 0x0000000086100000| Untracked 
|  34|0x0000000086200000, 0x0000000086300000, 0x0000000086300000|100%| O|  |TAMS 0x0000000086300000, 0x0000000086200000| Untracked 
|  35|0x0000000086300000, 0x0000000086400000, 0x0000000086400000|100%| O|  |TAMS 0x0000000086400000, 0x0000000086300000| Untracked 
|  36|0x0000000086400000, 0x0000000086500000, 0x0000000086500000|100%| O|  |TAMS 0x0000000086500000, 0x0000000086400000| Untracked 
|  37|0x0000000086500000, 0x0000000086600000, 0x0000000086600000|100%| O|  |TAMS 0x0000000086600000, 0x0000000086500000| Untracked 
|  38|0x0000000086600000, 0x0000000086700000, 0x0000000086700000|100%| O|  |TAMS 0x0000000086700000, 0x0000000086600000| Untracked 
|  39|0x0000000086700000, 0x0000000086800000, 0x0000000086800000|100%| O|  |TAMS 0x0000000086800000, 0x0000000086700000| Untracked 
|  40|0x0000000086800000, 0x00000000868c7800, 0x0000000086900000| 77%| O|  |TAMS 0x00000000868c7800, 0x0000000086800000| Untracked 
|  41|0x0000000086900000, 0x0000000086a00000, 0x0000000086a00000|100%| O|  |TAMS 0x0000000086900000, 0x0000000086900000| Untracked 
|  42|0x0000000086a00000, 0x0000000086b00000, 0x0000000086b00000|100%| O|  |TAMS 0x0000000086a00000, 0x0000000086a00000| Untracked 
|  43|0x0000000086b00000, 0x0000000086c00000, 0x0000000086c00000|100%| O|  |TAMS 0x0000000086b00000, 0x0000000086b00000| Untracked 
|  44|0x0000000086c00000, 0x0000000086c00000, 0x0000000086d00000|  0%| F|  |TAMS 0x0000000086c00000, 0x0000000086c00000| Untracked 
|  45|0x0000000086d00000, 0x0000000086e00000, 0x0000000086e00000|100%| O|  |TAMS 0x0000000086d00000, 0x0000000086d00000| Untracked 
|  46|0x0000000086e00000, 0x0000000086f00000, 0x0000000086f00000|100%| O|  |TAMS 0x0000000086e00000, 0x0000000086e00000| Untracked 
|  47|0x0000000086f00000, 0x0000000087000000, 0x0000000087000000|100%| O|  |TAMS 0x0000000086f00000, 0x0000000086f00000| Untracked 
|  48|0x0000000087000000, 0x0000000087100000, 0x0000000087100000|100%| O|  |TAMS 0x0000000087000000, 0x0000000087000000| Untracked 
|  49|0x0000000087100000, 0x0000000087200000, 0x0000000087200000|100%| O|  |TAMS 0x0000000087100000, 0x0000000087100000| Untracked 
|  50|0x0000000087200000, 0x0000000087300000, 0x0000000087300000|100%| O|  |TAMS 0x0000000087200000, 0x0000000087200000| Untracked 
|  51|0x0000000087300000, 0x0000000087400000, 0x0000000087400000|100%| O|  |TAMS 0x0000000087300000, 0x0000000087300000| Untracked 
|  52|0x0000000087400000, 0x0000000087500000, 0x0000000087500000|100%| O|  |TAMS 0x0000000087400000, 0x0000000087400000| Untracked 
|  53|0x0000000087500000, 0x0000000087600000, 0x0000000087600000|100%| O|  |TAMS 0x0000000087500000, 0x0000000087500000| Untracked 
|  54|0x0000000087600000, 0x000000008762e200, 0x0000000087700000| 18%| O|  |TAMS 0x0000000087600000, 0x0000000087600000| Untracked 
|  55|0x0000000087700000, 0x0000000087700000, 0x0000000087800000|  0%| F|  |TAMS 0x0000000087700000, 0x0000000087700000| Untracked 
|  56|0x0000000087800000, 0x0000000087800000, 0x0000000087900000|  0%| F|  |TAMS 0x0000000087800000, 0x0000000087800000| Untracked 
|  57|0x0000000087900000, 0x0000000087900000, 0x0000000087a00000|  0%| F|  |TAMS 0x0000000087900000, 0x0000000087900000| Untracked 
|  58|0x0000000087a00000, 0x0000000087a00000, 0x0000000087b00000|  0%| F|  |TAMS 0x0000000087a00000, 0x0000000087a00000| Untracked 
|  59|0x0000000087b00000, 0x0000000087b00000, 0x0000000087c00000|  0%| F|  |TAMS 0x0000000087b00000, 0x0000000087b00000| Untracked 
|  60|0x0000000087c00000, 0x0000000087c00000, 0x0000000087d00000|  0%| F|  |TAMS 0x0000000087c00000, 0x0000000087c00000| Untracked 
|  61|0x0000000087d00000, 0x0000000087d00000, 0x0000000087e00000|  0%| F|  |TAMS 0x0000000087d00000, 0x0000000087d00000| Untracked 
|  62|0x0000000087e00000, 0x0000000087e00000, 0x0000000087f00000|  0%| F|  |TAMS 0x0000000087e00000, 0x0000000087e00000| Untracked 
|  63|0x0000000087f00000, 0x0000000087f00000, 0x0000000088000000|  0%| F|  |TAMS 0x0000000087f00000, 0x0000000087f00000| Untracked 
|  64|0x0000000088000000, 0x0000000088000000, 0x0000000088100000|  0%| F|  |TAMS 0x0000000088000000, 0x0000000088000000| Untracked 
|  65|0x0000000088100000, 0x0000000088100000, 0x0000000088200000|  0%| F|  |TAMS 0x0000000088100000, 0x0000000088100000| Untracked 
|  66|0x0000000088200000, 0x0000000088200000, 0x0000000088300000|  0%| F|  |TAMS 0x0000000088200000, 0x0000000088200000| Untracked 
|  67|0x0000000088300000, 0x0000000088300000, 0x0000000088400000|  0%| F|  |TAMS 0x0000000088300000, 0x0000000088300000| Untracked 
|  68|0x0000000088400000, 0x0000000088400000, 0x0000000088500000|  0%| F|  |TAMS 0x0000000088400000, 0x0000000088400000| Untracked 
|  69|0x0000000088500000, 0x0000000088500000, 0x0000000088600000|  0%| F|  |TAMS 0x0000000088500000, 0x0000000088500000| Untracked 
|  70|0x0000000088600000, 0x0000000088600000, 0x0000000088700000|  0%| F|  |TAMS 0x0000000088600000, 0x0000000088600000| Untracked 
|  71|0x0000000088700000, 0x0000000088700000, 0x0000000088800000|  0%| F|  |TAMS 0x0000000088700000, 0x0000000088700000| Untracked 
|  72|0x0000000088800000, 0x0000000088800000, 0x0000000088900000|  0%| F|  |TAMS 0x0000000088800000, 0x0000000088800000| Untracked 
|  73|0x0000000088900000, 0x0000000088900000, 0x0000000088a00000|  0%| F|  |TAMS 0x0000000088900000, 0x0000000088900000| Untracked 
|  74|0x0000000088a00000, 0x0000000088a00000, 0x0000000088b00000|  0%| F|  |TAMS 0x0000000088a00000, 0x0000000088a00000| Untracked 
|  75|0x0000000088b00000, 0x0000000088b00000, 0x0000000088c00000|  0%| F|  |TAMS 0x0000000088b00000, 0x0000000088b00000| Untracked 
|  76|0x0000000088c00000, 0x0000000088c00000, 0x0000000088d00000|  0%| F|  |TAMS 0x0000000088c00000, 0x0000000088c00000| Untracked 
|  77|0x0000000088d00000, 0x0000000088d00000, 0x0000000088e00000|  0%| F|  |TAMS 0x0000000088d00000, 0x0000000088d00000| Untracked 
|  78|0x0000000088e00000, 0x0000000088e00000, 0x0000000088f00000|  0%| F|  |TAMS 0x0000000088e00000, 0x0000000088e00000| Untracked 
|  79|0x0000000088f00000, 0x0000000088f00000, 0x0000000089000000|  0%| F|  |TAMS 0x0000000088f00000, 0x0000000088f00000| Untracked 
|  80|0x0000000089000000, 0x0000000089000000, 0x0000000089100000|  0%| F|  |TAMS 0x0000000089000000, 0x0000000089000000| Untracked 
|  81|0x0000000089100000, 0x0000000089100000, 0x0000000089200000|  0%| F|  |TAMS 0x0000000089100000, 0x0000000089100000| Untracked 
|  82|0x0000000089200000, 0x0000000089200000, 0x0000000089300000|  0%| F|  |TAMS 0x0000000089200000, 0x0000000089200000| Untracked 
|  83|0x0000000089300000, 0x0000000089300000, 0x0000000089400000|  0%| F|  |TAMS 0x0000000089300000, 0x0000000089300000| Untracked 
|  84|0x0000000089400000, 0x0000000089400000, 0x0000000089500000|  0%| F|  |TAMS 0x0000000089400000, 0x0000000089400000| Untracked 
|  85|0x0000000089500000, 0x0000000089500000, 0x0000000089600000|  0%| F|  |TAMS 0x0000000089500000, 0x0000000089500000| Untracked 
|  86|0x0000000089600000, 0x0000000089600000, 0x0000000089700000|  0%| F|  |TAMS 0x0000000089600000, 0x0000000089600000| Untracked 
|  87|0x0000000089700000, 0x0000000089700000, 0x0000000089800000|  0%| F|  |TAMS 0x0000000089700000, 0x0000000089700000| Untracked 
|  88|0x0000000089800000, 0x0000000089800000, 0x0000000089900000|  0%| F|  |TAMS 0x0000000089800000, 0x0000000089800000| Untracked 
|  89|0x0000000089900000, 0x0000000089900000, 0x0000000089a00000|  0%| F|  |TAMS 0x0000000089900000, 0x0000000089900000| Untracked 
|  90|0x0000000089a00000, 0x0000000089af11f0, 0x0000000089b00000| 94%| S|CS|TAMS 0x0000000089a00000, 0x0000000089a00000| Complete 
|  91|0x0000000089b00000, 0x0000000089c00000, 0x0000000089c00000|100%| S|CS|TAMS 0x0000000089b00000, 0x0000000089b00000| Complete 
|  92|0x0000000089c00000, 0x0000000089d00000, 0x0000000089d00000|100%| S|CS|TAMS 0x0000000089c00000, 0x0000000089c00000| Complete 
|  93|0x0000000089d00000, 0x0000000089e00000, 0x0000000089e00000|100%| S|CS|TAMS 0x0000000089d00000, 0x0000000089d00000| Complete 
|  94|0x0000000089e00000, 0x0000000089f00000, 0x0000000089f00000|100%| S|CS|TAMS 0x0000000089e00000, 0x0000000089e00000| Complete 
|  95|0x0000000089f00000, 0x000000008a000000, 0x000000008a000000|100%| S|CS|TAMS 0x0000000089f00000, 0x0000000089f00000| Complete 
|  96|0x000000008a000000, 0x000000008a100000, 0x000000008a100000|100%| S|CS|TAMS 0x000000008a000000, 0x000000008a000000| Complete 
|  97|0x000000008a100000, 0x000000008a100000, 0x000000008a200000|  0%| F|  |TAMS 0x000000008a100000, 0x000000008a100000| Untracked 
|  98|0x000000008a200000, 0x000000008a200000, 0x000000008a300000|  0%| F|  |TAMS 0x000000008a200000, 0x000000008a200000| Untracked 
|  99|0x000000008a300000, 0x000000008a300000, 0x000000008a400000|  0%| F|  |TAMS 0x000000008a300000, 0x000000008a300000| Untracked 
| 100|0x000000008a400000, 0x000000008a400000, 0x000000008a500000|  0%| F|  |TAMS 0x000000008a400000, 0x000000008a400000| Untracked 
| 101|0x000000008a500000, 0x000000008a500000, 0x000000008a600000|  0%| F|  |TAMS 0x000000008a500000, 0x000000008a500000| Untracked 
| 102|0x000000008a600000, 0x000000008a600000, 0x000000008a700000|  0%| F|  |TAMS 0x000000008a600000, 0x000000008a600000| Untracked 
| 103|0x000000008a700000, 0x000000008a700000, 0x000000008a800000|  0%| F|  |TAMS 0x000000008a700000, 0x000000008a700000| Untracked 
| 104|0x000000008a800000, 0x000000008a800000, 0x000000008a900000|  0%| F|  |TAMS 0x000000008a800000, 0x000000008a800000| Untracked 
| 105|0x000000008a900000, 0x000000008a900000, 0x000000008aa00000|  0%| F|  |TAMS 0x000000008a900000, 0x000000008a900000| Untracked 
| 106|0x000000008aa00000, 0x000000008aa00000, 0x000000008ab00000|  0%| F|  |TAMS 0x000000008aa00000, 0x000000008aa00000| Untracked 
| 107|0x000000008ab00000, 0x000000008ab00000, 0x000000008ac00000|  0%| F|  |TAMS 0x000000008ab00000, 0x000000008ab00000| Untracked 
| 108|0x000000008ac00000, 0x000000008ac00000, 0x000000008ad00000|  0%| F|  |TAMS 0x000000008ac00000, 0x000000008ac00000| Untracked 
| 109|0x000000008ad00000, 0x000000008ad00000, 0x000000008ae00000|  0%| F|  |TAMS 0x000000008ad00000, 0x000000008ad00000| Untracked 
| 110|0x000000008ae00000, 0x000000008ae00000, 0x000000008af00000|  0%| F|  |TAMS 0x000000008ae00000, 0x000000008ae00000| Untracked 
| 111|0x000000008af00000, 0x000000008af00000, 0x000000008b000000|  0%| F|  |TAMS 0x000000008af00000, 0x000000008af00000| Untracked 
| 112|0x000000008b000000, 0x000000008b000000, 0x000000008b100000|  0%| F|  |TAMS 0x000000008b000000, 0x000000008b000000| Untracked 
| 113|0x000000008b100000, 0x000000008b181c10, 0x000000008b200000| 50%| E|  |TAMS 0x000000008b100000, 0x000000008b100000| Complete 
| 114|0x000000008b200000, 0x000000008b300000, 0x000000008b300000|100%| E|CS|TAMS 0x000000008b200000, 0x000000008b200000| Complete 
| 115|0x000000008b300000, 0x000000008b400000, 0x000000008b400000|100%| E|CS|TAMS 0x000000008b300000, 0x000000008b300000| Complete 
| 116|0x000000008b400000, 0x000000008b500000, 0x000000008b500000|100%| E|CS|TAMS 0x000000008b400000, 0x000000008b400000| Complete 
| 117|0x000000008b500000, 0x000000008b600000, 0x000000008b600000|100%| E|CS|TAMS 0x000000008b500000, 0x000000008b500000| Complete 
| 118|0x000000008b600000, 0x000000008b700000, 0x000000008b700000|100%| E|CS|TAMS 0x000000008b600000, 0x000000008b600000| Complete 
| 119|0x000000008b700000, 0x000000008b800000, 0x000000008b800000|100%| E|CS|TAMS 0x000000008b700000, 0x000000008b700000| Complete 
| 120|0x000000008b800000, 0x000000008b900000, 0x000000008b900000|100%| E|CS|TAMS 0x000000008b800000, 0x000000008b800000| Complete 
| 121|0x000000008b900000, 0x000000008ba00000, 0x000000008ba00000|100%| E|CS|TAMS 0x000000008b900000, 0x000000008b900000| Complete 
| 122|0x000000008ba00000, 0x000000008bb00000, 0x000000008bb00000|100%| E|CS|TAMS 0x000000008ba00000, 0x000000008ba00000| Complete 
| 123|0x000000008bb00000, 0x000000008bc00000, 0x000000008bc00000|100%| E|CS|TAMS 0x000000008bb00000, 0x000000008bb00000| Complete 
| 124|0x000000008bc00000, 0x000000008bd00000, 0x000000008bd00000|100%| E|CS|TAMS 0x000000008bc00000, 0x000000008bc00000| Complete 
| 125|0x000000008bd00000, 0x000000008be00000, 0x000000008be00000|100%| E|CS|TAMS 0x000000008bd00000, 0x000000008bd00000| Complete 
| 126|0x000000008be00000, 0x000000008bf00000, 0x000000008bf00000|100%| E|CS|TAMS 0x000000008be00000, 0x000000008be00000| Complete 
| 127|0x000000008bf00000, 0x000000008c000000, 0x000000008c000000|100%| E|CS|TAMS 0x000000008bf00000, 0x000000008bf00000| Complete 
| 128|0x000000008c000000, 0x000000008c100000, 0x000000008c100000|100%| E|CS|TAMS 0x000000008c000000, 0x000000008c000000| Complete 
| 129|0x000000008c100000, 0x000000008c200000, 0x000000008c200000|100%| E|CS|TAMS 0x000000008c100000, 0x000000008c100000| Complete 
| 130|0x000000008c200000, 0x000000008c300000, 0x000000008c300000|100%| E|CS|TAMS 0x000000008c200000, 0x000000008c200000| Complete 
| 131|0x000000008c300000, 0x000000008c400000, 0x000000008c400000|100%| E|CS|TAMS 0x000000008c300000, 0x000000008c300000| Complete 
| 132|0x000000008c400000, 0x000000008c500000, 0x000000008c500000|100%| E|CS|TAMS 0x000000008c400000, 0x000000008c400000| Complete 
| 133|0x000000008c500000, 0x000000008c600000, 0x000000008c600000|100%| E|CS|TAMS 0x000000008c500000, 0x000000008c500000| Complete 
| 134|0x000000008c600000, 0x000000008c700000, 0x000000008c700000|100%| E|CS|TAMS 0x000000008c600000, 0x000000008c600000| Complete 
| 135|0x000000008c700000, 0x000000008c800000, 0x000000008c800000|100%| E|CS|TAMS 0x000000008c700000, 0x000000008c700000| Complete 
| 136|0x000000008c800000, 0x000000008c900000, 0x000000008c900000|100%| E|CS|TAMS 0x000000008c800000, 0x000000008c800000| Complete 
| 137|0x000000008c900000, 0x000000008ca00000, 0x000000008ca00000|100%| E|CS|TAMS 0x000000008c900000, 0x000000008c900000| Complete 
| 138|0x000000008ca00000, 0x000000008cb00000, 0x000000008cb00000|100%| E|CS|TAMS 0x000000008ca00000, 0x000000008ca00000| Complete 
| 139|0x000000008cb00000, 0x000000008cc00000, 0x000000008cc00000|100%| E|CS|TAMS 0x000000008cb00000, 0x000000008cb00000| Complete 
| 140|0x000000008cc00000, 0x000000008cd00000, 0x000000008cd00000|100%| E|CS|TAMS 0x000000008cc00000, 0x000000008cc00000| Complete 
| 141|0x000000008cd00000, 0x000000008ce00000, 0x000000008ce00000|100%| E|CS|TAMS 0x000000008cd00000, 0x000000008cd00000| Complete 
| 142|0x000000008ce00000, 0x000000008cf00000, 0x000000008cf00000|100%| E|CS|TAMS 0x000000008ce00000, 0x000000008ce00000| Complete 
| 143|0x000000008cf00000, 0x000000008d000000, 0x000000008d000000|100%| E|CS|TAMS 0x000000008cf00000, 0x000000008cf00000| Complete 
| 144|0x000000008d000000, 0x000000008d100000, 0x000000008d100000|100%| E|CS|TAMS 0x000000008d000000, 0x000000008d000000| Complete 
| 145|0x000000008d100000, 0x000000008d200000, 0x000000008d200000|100%| E|CS|TAMS 0x000000008d100000, 0x000000008d100000| Complete 
| 146|0x000000008d200000, 0x000000008d300000, 0x000000008d300000|100%| E|CS|TAMS 0x000000008d200000, 0x000000008d200000| Complete 
| 147|0x000000008d300000, 0x000000008d400000, 0x000000008d400000|100%| E|CS|TAMS 0x000000008d300000, 0x000000008d300000| Complete 
| 148|0x000000008d400000, 0x000000008d500000, 0x000000008d500000|100%| E|CS|TAMS 0x000000008d400000, 0x000000008d400000| Complete 
| 149|0x000000008d500000, 0x000000008d600000, 0x000000008d600000|100%| E|CS|TAMS 0x000000008d500000, 0x000000008d500000| Complete 
| 150|0x000000008d600000, 0x000000008d700000, 0x000000008d700000|100%| E|CS|TAMS 0x000000008d600000, 0x000000008d600000| Complete 
| 151|0x000000008d700000, 0x000000008d800000, 0x000000008d800000|100%| E|CS|TAMS 0x000000008d700000, 0x000000008d700000| Complete 
| 152|0x000000008d800000, 0x000000008d900000, 0x000000008d900000|100%| E|CS|TAMS 0x000000008d800000, 0x000000008d800000| Complete 
| 153|0x000000008d900000, 0x000000008da00000, 0x000000008da00000|100%| E|CS|TAMS 0x000000008d900000, 0x000000008d900000| Complete 
| 154|0x000000008da00000, 0x000000008db00000, 0x000000008db00000|100%| E|CS|TAMS 0x000000008da00000, 0x000000008da00000| Complete 
| 157|0x000000008dd00000, 0x000000008de00000, 0x000000008de00000|100%| E|CS|TAMS 0x000000008dd00000, 0x000000008dd00000| Complete 
| 158|0x000000008de00000, 0x000000008df00000, 0x000000008df00000|100%| E|CS|TAMS 0x000000008de00000, 0x000000008de00000| Complete 

Card table byte_map: [0x00000236bc990000,0x00000236bcd70000] _byte_map_base: 0x00000236bc570000

Marking Bits (Prev, Next): (CMBitMap*) 0x00000236a3ae71a0, (CMBitMap*) 0x00000236a3ae7160
 Prev Bits: [0x00000236bf050000, 0x00000236c0f50000)
 Next Bits: [0x00000236bd150000, 0x00000236bf050000)

Polling page: 0x00000236a3b50000

Metaspace:

Usage:
  Non-class:     52.14 MB used.
      Class:      6.67 MB used.
       Both:     58.81 MB used.

Virtual space:
  Non-class space:       64.00 MB reserved,      52.31 MB ( 82%) committed,  1 nodes.
      Class space:        1.00 GB reserved,       6.81 MB ( <1%) committed,  1 nodes.
             Both:        1.06 GB reserved,      59.12 MB (  5%) committed. 

Chunk freelists:
   Non-Class:  10.70 MB
       Class:  9.12 MB
        Both:  19.83 MB

MaxMetaspaceSize: unlimited
CompressedClassSpaceSize: 1.00 GB
Initial GC threshold: 21.00 MB
Current GC threshold: 74.38 MB
CDS: on
MetaspaceReclaimPolicy: balanced
 - commit_granule_bytes: 65536.
 - commit_granule_words: 8192.
 - virtual_space_node_default_size: 8388608.
 - enlarge_chunks_in_place: 1.
 - new_chunks_are_fully_committed: 0.
 - uncommit_free_chunks: 1.
 - use_allocation_guard: 0.
 - handle_deallocations: 1.


Internal statistics:

num_allocs_failed_limit: 9.
num_arena_births: 280.
num_arena_deaths: 0.
num_vsnodes_births: 2.
num_vsnodes_deaths: 0.
num_space_committed: 944.
num_space_uncommitted: 0.
num_chunks_returned_to_freelist: 9.
num_chunks_taken_from_freelist: 2410.
num_chunk_merges: 9.
num_chunk_splits: 1970.
num_chunks_enlarged: 1755.
num_inconsistent_stats: 0.

CodeHeap 'non-profiled nmethods': size=120000Kb used=4034Kb max_used=4254Kb free=115965Kb
 bounds [0x00000236b4610000, 0x00000236b4a40000, 0x00000236bbb40000]
CodeHeap 'profiled nmethods': size=120000Kb used=20235Kb max_used=21865Kb free=99764Kb
 bounds [0x00000236acb40000, 0x00000236ae0a0000, 0x00000236b4070000]
CodeHeap 'non-nmethods': size=5760Kb used=1404Kb max_used=1435Kb free=4355Kb
 bounds [0x00000236b4070000, 0x00000236b42e0000, 0x00000236b4610000]
 total_blobs=8153 nmethods=7434 adapters=628
 compilation: enabled
              stopped_count=0, restarted_count=0
 full_count=0

Compilation events (20 events):
Event: 8.407 Thread 0x00000236c39ec620 8764       1       org.jetbrains.kotlin.codegen.state.GenerationState::getClassBuilderMode (5 bytes)
Event: 8.407 Thread 0x00000236c39ec620 nmethod 8764 0x00000236b493c710 code [0x00000236b493c8a0, 0x00000236b493c978]
Event: 8.407 Thread 0x00000236c39ec620 8759       1       org.jetbrains.kotlin.ir.expressions.impl.IrConstructorCallImpl::getSymbol (5 bytes)
Event: 8.407 Thread 0x00000236c39ec620 nmethod 8759 0x00000236b493c410 code [0x00000236b493c5a0, 0x00000236b493c678]
Event: 8.407 Thread 0x00000236c39ec620 8757       1       org.jetbrains.kotlin.ir.expressions.impl.IrElseBranchImpl::getCondition (5 bytes)
Event: 8.407 Thread 0x00000236c39ec620 nmethod 8757 0x00000236b493c110 code [0x00000236b493c2a0, 0x00000236b493c378]
Event: 8.407 Thread 0x00000236c39ec620 8758       1       org.jetbrains.kotlin.ir.expressions.impl.IrElseBranchImpl::getResult (5 bytes)
Event: 8.407 Thread 0x00000236c39ec620 nmethod 8758 0x00000236b493bb90 code [0x00000236b493bd20, 0x00000236b493bdf8]
Event: 8.407 Thread 0x00000236c39ec620 8760       1       org.jetbrains.kotlin.ir.declarations.impl.IrClassImpl::getName (5 bytes)
Event: 8.407 Thread 0x00000236c39ec620 nmethod 8760 0x00000236b46af590 code [0x00000236b46af720, 0x00000236b46af7f8]
Event: 8.414 Thread 0x00000236c39ec620 8767       1       org.jetbrains.kotlin.ir.expressions.impl.IrCallImpl::getStartOffset (5 bytes)
Event: 8.414 Thread 0x00000236c39ec620 nmethod 8767 0x00000236b46af290 code [0x00000236b46af420, 0x00000236b46af4f8]
Event: 8.416 Thread 0x00000236c39ec620 8768       3       org.jetbrains.kotlin.ir.visitors.IrElementTransformerVoid::visitValueParameter (15 bytes)
Event: 8.418 Thread 0x00000236c39ec620 nmethod 8768 0x00000236ad449a90 code [0x00000236ad449e00, 0x00000236ad44b498]
Event: 8.422 Thread 0x00000236c39ec620 8769       3       org.jetbrains.kotlin.backend.common.IrElementTransformerVoidWithContext::createScope (31 bytes)
Event: 8.423 Thread 0x00000236c39ec620 nmethod 8769 0x00000236acf94c10 code [0x00000236acf94f60, 0x00000236acf96448]
Event: 8.423 Thread 0x00000236c39ec620 8770       3       org.jetbrains.kotlin.backend.common.ScopeWithIr::<init> (27 bytes)
Event: 8.423 Thread 0x00000236c39ec620 nmethod 8770 0x00000236ad52b390 code [0x00000236ad52b620, 0x00000236ad52c198]
Event: 8.423 Thread 0x00000236c39ec620 8771       3       org.jetbrains.kotlin.backend.common.UtilsKt::pop (21 bytes)
Event: 8.424 Thread 0x00000236c39ec620 nmethod 8771 0x00000236ad500910 code [0x00000236ad500b40, 0x00000236ad501258]

GC Heap History (20 events):
Event: 0.594 GC heap before
{Heap before GC invocations=0 (full 0):
 garbage-first heap   total 126976K, used 27648K [0x0000000084000000, 0x0000000100000000)
  region size 1024K, 23 young (23552K), 0 survivors (0K)
 Metaspace       used 7206K, committed 7360K, reserved 1114112K
  class space    used 759K, committed 832K, reserved 1048576K
}
Event: 0.599 GC heap after
{Heap after GC invocations=1 (full 0):
 garbage-first heap   total 126976K, used 6922K [0x0000000084000000, 0x0000000100000000)
  region size 1024K, 3 young (3072K), 3 survivors (3072K)
 Metaspace       used 7206K, committed 7360K, reserved 1114112K
  class space    used 759K, committed 832K, reserved 1048576K
}
Event: 1.225 GC heap before
{Heap before GC invocations=1 (full 0):
 garbage-first heap   total 126976K, used 47882K [0x0000000084000000, 0x0000000100000000)
  region size 1024K, 36 young (36864K), 3 survivors (3072K)
 Metaspace       used 16865K, committed 17152K, reserved 1114112K
  class space    used 2230K, committed 2368K, reserved 1048576K
}
Event: 1.233 GC heap after
{Heap after GC invocations=2 (full 0):
 garbage-first heap   total 126976K, used 17043K [0x0000000084000000, 0x0000000100000000)
  region size 1024K, 3 young (3072K), 3 survivors (3072K)
 Metaspace       used 16865K, committed 17152K, reserved 1114112K
  class space    used 2230K, committed 2368K, reserved 1048576K
}
Event: 1.856 GC heap before
{Heap before GC invocations=2 (full 0):
 garbage-first heap   total 126976K, used 80531K [0x0000000084000000, 0x0000000100000000)
  region size 1024K, 63 young (64512K), 3 survivors (3072K)
 Metaspace       used 21274K, committed 21504K, reserved 1114112K
  class space    used 2905K, committed 3008K, reserved 1048576K
}
Event: 1.901 GC heap after
{Heap after GC invocations=3 (full 0):
 garbage-first heap   total 126976K, used 26352K [0x0000000084000000, 0x0000000100000000)
  region size 1024K, 10 young (10240K), 10 survivors (10240K)
 Metaspace       used 21274K, committed 21504K, reserved 1114112K
  class space    used 2905K, committed 3008K, reserved 1048576K
}
Event: 2.217 GC heap before
{Heap before GC invocations=4 (full 0):
 garbage-first heap   total 89088K, used 55024K [0x0000000084000000, 0x0000000100000000)
  region size 1024K, 30 young (30720K), 10 survivors (10240K)
 Metaspace       used 24583K, committed 24832K, reserved 1114112K
  class space    used 3279K, committed 3392K, reserved 1048576K
}
Event: 2.238 GC heap after
{Heap after GC invocations=5 (full 0):
 garbage-first heap   total 89088K, used 37616K [0x0000000084000000, 0x0000000100000000)
  region size 1024K, 4 young (4096K), 4 survivors (4096K)
 Metaspace       used 24583K, committed 24832K, reserved 1114112K
  class space    used 3279K, committed 3392K, reserved 1048576K
}
Event: 2.256 GC heap before
{Heap before GC invocations=5 (full 0):
 garbage-first heap   total 89088K, used 38640K [0x0000000084000000, 0x0000000100000000)
  region size 1024K, 5 young (5120K), 4 survivors (4096K)
 Metaspace       used 24736K, committed 24960K, reserved 1114112K
  class space    used 3299K, committed 3392K, reserved 1048576K
}
Event: 2.260 GC heap after
{Heap after GC invocations=6 (full 0):
 garbage-first heap   total 89088K, used 37704K [0x0000000084000000, 0x0000000100000000)
  region size 1024K, 1 young (1024K), 1 survivors (1024K)
 Metaspace       used 24736K, committed 24960K, reserved 1114112K
  class space    used 3299K, committed 3392K, reserved 1048576K
}
Event: 2.722 GC heap before
{Heap before GC invocations=6 (full 0):
 garbage-first heap   total 89088K, used 66376K [0x0000000084000000, 0x0000000100000000)
  region size 1024K, 29 young (29696K), 1 survivors (1024K)
 Metaspace       used 31026K, committed 31232K, reserved 1114112K
  class space    used 3895K, committed 3968K, reserved 1048576K
}
Event: 2.728 GC heap after
{Heap after GC invocations=7 (full 0):
 garbage-first heap   total 89088K, used 39280K [0x0000000084000000, 0x0000000100000000)
  region size 1024K, 3 young (3072K), 3 survivors (3072K)
 Metaspace       used 31026K, committed 31232K, reserved 1114112K
  class space    used 3895K, committed 3968K, reserved 1048576K
}
Event: 3.218 GC heap before
{Heap before GC invocations=7 (full 0):
 garbage-first heap   total 89088K, used 68976K [0x0000000084000000, 0x0000000100000000)
  region size 1024K, 31 young (31744K), 3 survivors (3072K)
 Metaspace       used 34547K, committed 34816K, reserved 1114112K
  class space    used 4300K, committed 4416K, reserved 1048576K
}
Event: 3.235 GC heap after
{Heap after GC invocations=8 (full 0):
 garbage-first heap   total 162816K, used 44830K [0x0000000084000000, 0x0000000100000000)
  region size 1024K, 4 young (4096K), 4 survivors (4096K)
 Metaspace       used 34547K, committed 34816K, reserved 1114112K
  class space    used 4300K, committed 4416K, reserved 1048576K
}
Event: 3.442 GC heap before
{Heap before GC invocations=8 (full 0):
 garbage-first heap   total 162816K, used 59166K [0x0000000084000000, 0x0000000100000000)
  region size 1024K, 19 young (19456K), 4 survivors (4096K)
 Metaspace       used 35786K, committed 36096K, reserved 1114112K
  class space    used 4425K, committed 4608K, reserved 1048576K
}
Event: 3.451 GC heap after
{Heap after GC invocations=9 (full 0):
 garbage-first heap   total 162816K, used 45723K [0x0000000084000000, 0x0000000100000000)
  region size 1024K, 5 young (5120K), 5 survivors (5120K)
 Metaspace       used 35786K, committed 36096K, reserved 1114112K
  class space    used 4425K, committed 4608K, reserved 1048576K
}
Event: 5.451 GC heap before
{Heap before GC invocations=10 (full 0):
 garbage-first heap   total 160768K, used 115355K [0x0000000084000000, 0x0000000100000000)
  region size 1024K, 73 young (74752K), 5 survivors (5120K)
 Metaspace       used 45369K, committed 45632K, reserved 1114112K
  class space    used 5487K, committed 5632K, reserved 1048576K
}
Event: 5.468 GC heap after
{Heap after GC invocations=11 (full 0):
 garbage-first heap   total 160768K, used 54556K [0x0000000084000000, 0x0000000100000000)
  region size 1024K, 10 young (10240K), 10 survivors (10240K)
 Metaspace       used 45369K, committed 45632K, reserved 1114112K
  class space    used 5487K, committed 5632K, reserved 1048576K
}
Event: 7.669 GC heap before
{Heap before GC invocations=12 (full 0):
 garbage-first heap   total 160768K, used 117020K [0x0000000084000000, 0x0000000100000000)
  region size 1024K, 70 young (71680K), 10 survivors (10240K)
 Metaspace       used 50400K, committed 50752K, reserved 1114112K
  class space    used 5853K, committed 6016K, reserved 1048576K
}
Event: 7.690 GC heap after
{Heap after GC invocations=13 (full 0):
 garbage-first heap   total 160768K, used 61338K [0x0000000084000000, 0x0000000100000000)
  region size 1024K, 7 young (7168K), 7 survivors (7168K)
 Metaspace       used 50400K, committed 50752K, reserved 1114112K
  class space    used 5853K, committed 6016K, reserved 1048576K
}

Deoptimization events (20 events):
Event: 8.216 Thread 0x00000236a3a8c9d0 DEOPT PACKING pc=0x00000236adf9e1dc sp=0x0000004ce9efd620
Event: 8.216 Thread 0x00000236a3a8c9d0 DEOPT UNPACKING pc=0x00000236b40c66e3 sp=0x0000004ce9efcc68 mode 0
Event: 8.217 Thread 0x00000236a3a8c9d0 DEOPT PACKING pc=0x00000236adfa014c sp=0x0000004ce9efd970
Event: 8.217 Thread 0x00000236a3a8c9d0 DEOPT UNPACKING pc=0x00000236b40c66e3 sp=0x0000004ce9efcfb8 mode 0
Event: 8.370 Thread 0x00000236a3a8c9d0 Uncommon trap: trap_request=0xffffff45 fr.pc=0x00000236b47e0714 relative=0x00000000000000f4
Event: 8.370 Thread 0x00000236a3a8c9d0 Uncommon trap: reason=unstable_if action=reinterpret pc=0x00000236b47e0714 method=kotlin.internal.ProgressionUtilKt.getProgressionLastElement(III)I @ 2 c2
Event: 8.370 Thread 0x00000236a3a8c9d0 DEOPT PACKING pc=0x00000236b47e0714 sp=0x0000004ce9ef7e80
Event: 8.370 Thread 0x00000236a3a8c9d0 DEOPT UNPACKING pc=0x00000236b40c5ba3 sp=0x0000004ce9ef7dc8 mode 2
Event: 8.370 Thread 0x00000236a3a8c9d0 Uncommon trap: trap_request=0xffffff45 fr.pc=0x00000236b4680ea0 relative=0x0000000000000100
Event: 8.370 Thread 0x00000236a3a8c9d0 Uncommon trap: reason=unstable_if action=reinterpret pc=0x00000236b4680ea0 method=kotlin.ranges.IntProgressionIterator.<init>(III)V @ 19 c2
Event: 8.370 Thread 0x00000236a3a8c9d0 DEOPT PACKING pc=0x00000236b4680ea0 sp=0x0000004ce9ef7f50
Event: 8.370 Thread 0x00000236a3a8c9d0 DEOPT UNPACKING pc=0x00000236b40c5ba3 sp=0x0000004ce9ef7e70 mode 2
Event: 8.373 Thread 0x00000236a3a8c9d0 Uncommon trap: trap_request=0xffffff45 fr.pc=0x00000236b475b0c0 relative=0x00000000000000c0
Event: 8.373 Thread 0x00000236a3a8c9d0 Uncommon trap: reason=unstable_if action=reinterpret pc=0x00000236b475b0c0 method=kotlin.internal.ProgressionUtilKt.getProgressionLastElement(III)I @ 2 c2
Event: 8.373 Thread 0x00000236a3a8c9d0 DEOPT PACKING pc=0x00000236b475b0c0 sp=0x0000004ce9ef7260
Event: 8.373 Thread 0x00000236a3a8c9d0 DEOPT UNPACKING pc=0x00000236b40c5ba3 sp=0x0000004ce9ef7210 mode 2
Event: 8.373 Thread 0x00000236a3a8c9d0 Uncommon trap: trap_request=0xffffff45 fr.pc=0x00000236b47e1010 relative=0x0000000000000090
Event: 8.373 Thread 0x00000236a3a8c9d0 Uncommon trap: reason=unstable_if action=reinterpret pc=0x00000236b47e1010 method=kotlin.ranges.IntProgressionIterator.<init>(III)V @ 19 c2
Event: 8.373 Thread 0x00000236a3a8c9d0 DEOPT PACKING pc=0x00000236b47e1010 sp=0x0000004ce9ef7310
Event: 8.373 Thread 0x00000236a3a8c9d0 DEOPT UNPACKING pc=0x00000236b40c5ba3 sp=0x0000004ce9ef72b8 mode 2

Classes unloaded (0 events):
No events

Classes redefined (0 events):
No events

Internal exceptions (20 events):
Event: 3.614 Thread 0x00000236a3a8c9d0 Exception <a 'java/lang/NoSuchMethodError'{0x000000008d73cd08}: 'java.lang.Object java.lang.invoke.DirectMethodHandle$Holder.newInvokeSpecial(java.lang.Object, java.lang.Object, java.lang.Object, java.lang.Object, java.lang.Object)'> (0x000000008d73cd08) 
thrown [s\open\src\hotspot\share\interpreter\linkResolver.cpp, line 759]
Event: 3.824 Thread 0x00000236a3a8c9d0 Exception <a 'java/lang/NoSuchMethodError'{0x000000008d1d5420}: 'java.lang.Object java.lang.invoke.DirectMethodHandle$Holder.newInvokeSpecial(java.lang.Object, java.lang.Object, java.lang.Object, java.lang.Object, java.lang.Object, java.lang.Object, java.lang.Object, java.lang.Object)'> (0x000000008d1d5420) 
thrown [s\open\src\hotspot\share\interpreter\linkResolver.cpp, line 759]
Event: 3.824 Thread 0x00000236a3a8c9d0 Exception <a 'java/lang/NoSuchMethodError'{0x000000008d1daa38}: 'java.lang.Object java.lang.invoke.DirectMethodHandle$Holder.invokeSpecial(java.lang.Object, java.lang.Object, java.lang.Object, java.lang.Object, java.lang.Object, java.lang.Object, java.lang.Object, java.lang.Object, java.lang.Object)'> (0x000000008d1daa38) 
thrown [s\open\src\hotspot\share\interpreter\linkResolver.cpp, line 759]
Event: 3.825 Thread 0x00000236a3a8c9d0 Exception <a 'java/lang/NoSuchMethodError'{0x000000008d1df968}: 'java.lang.Object java.lang.invoke.Invokers$Holder.linkToTargetMethod(java.lang.Object, java.lang.Object, java.lang.Object, java.lang.Object, java.lang.Object, java.lang.Object, java.lang.Object, java.lang.Object)'> (0x000000008d1df968) 
thrown [s\open\src\hotspot\share\interpreter\linkResolver.cpp, line 759]
Event: 3.899 Thread 0x00000236a3a8c9d0 Exception <a 'java/lang/NoSuchMethodError'{0x000000008ca4ab78}: 'java.lang.Object java.lang.invoke.DirectMethodHandle$Holder.invokeSpecial(java.lang.Object, java.lang.Object, java.lang.Object, java.lang.Object, java.lang.Object, java.lang.Object, int)'> (0x000000008ca4ab78) 
thrown [s\open\src\hotspot\share\interpreter\linkResolver.cpp, line 759]
Event: 3.900 Thread 0x00000236a3a8c9d0 Exception <a 'java/lang/NoSuchMethodError'{0x000000008ca54370}: 'java.lang.Object java.lang.invoke.DirectMethodHandle$Holder.newInvokeSpecial(java.lang.Object, java.lang.Object, java.lang.Object, java.lang.Object, java.lang.Object, java.lang.Object)'> (0x000000008ca54370) 
thrown [s\open\src\hotspot\share\interpreter\linkResolver.cpp, line 759]
Event: 4.156 Thread 0x00000236a3a8c9d0 Implicit null exception at 0x00000236b47421cc to 0x00000236b47422a8
Event: 4.348 Thread 0x00000236a3a8c9d0 Implicit null exception at 0x00000236b47999c6 to 0x00000236b479b220
Event: 4.348 Thread 0x00000236a3a8c9d0 Implicit null exception at 0x00000236b4764d9b to 0x00000236b47654a4
Event: 4.356 Thread 0x00000236a3a8c9d0 Implicit null exception at 0x00000236b46fb78f to 0x00000236b46fb809
Event: 4.664 Thread 0x00000236a3a8c9d0 Exception <a 'java/lang/NoSuchMethodError'{0x000000008a9e39d0}: 'java.lang.Object java.lang.invoke.DirectMethodHandle$Holder.invokeInterface(java.lang.Object, java.lang.Object, java.lang.Object)'> (0x000000008a9e39d0) 
thrown [s\open\src\hotspot\share\interpreter\linkResolver.cpp, line 759]
Event: 4.664 Thread 0x00000236a3a8c9d0 Exception <a 'java/lang/IncompatibleClassChangeError'{0x000000008a9e7340}: Found class java.lang.Object, but interface was expected> (0x000000008a9e7340) 
thrown [s\open\src\hotspot\share\interpreter\linkResolver.cpp, line 826]
Event: 5.545 Thread 0x00000236a3a8c9d0 Exception <a 'java/lang/NoSuchMethodError'{0x000000008d9f7e98}: 'java.lang.Object java.lang.invoke.DirectMethodHandle$Holder.newInvokeSpecial(java.lang.Object, int, java.lang.Object)'> (0x000000008d9f7e98) 
thrown [s\open\src\hotspot\share\interpreter\linkResolver.cpp, line 759]
Event: 5.546 Thread 0x00000236a3a8c9d0 Exception <a 'java/lang/NoSuchMethodError'{0x000000008d9feac0}: 'int java.lang.invoke.DirectMethodHandle$Holder.invokeInterface(java.lang.Object, java.lang.Object)'> (0x000000008d9feac0) 
thrown [s\open\src\hotspot\share\interpreter\linkResolver.cpp, line 759]
Event: 5.626 Thread 0x00000236a3a8c9d0 Exception <a 'java/lang/NoSuchMethodError'{0x000000008d7a7378}: 'java.lang.Object java.lang.invoke.DirectMethodHandle$Holder.newInvokeSpecial(java.lang.Object, java.lang.Object, java.lang.Object, java.lang.Object, java.lang.Object, java.lang.Object, java.lang.Object)'> (0x000000008d7a7378) 
thrown [s\open\src\hotspot\share\interpreter\linkResolver.cpp, line 759]
Event: 5.626 Thread 0x00000236a3a8c9d0 Exception <a 'java/lang/NoSuchMethodError'{0x000000008d7abf30}: 'java.lang.Object java.lang.invoke.Invokers$Holder.linkToTargetMethod(java.lang.Object, java.lang.Object, java.lang.Object, java.lang.Object, java.lang.Object, java.lang.Object, java.lang.Object)'> (0x000000008d7abf30) 
thrown [s\open\src\hotspot\share\interpreter\linkResolver.cpp, line 759]
Event: 6.237 Thread 0x00000236a3a8c9d0 Exception <a 'java/lang/NoSuchMethodError'{0x000000008c8112b0}: 'java.lang.Object java.lang.invoke.DirectMethodHandle$Holder.newInvokeSpecial(java.lang.Object, int, java.lang.Object, java.lang.Object)'> (0x000000008c8112b0) 
thrown [s\open\src\hotspot\share\interpreter\linkResolver.cpp, line 759]
Event: 6.237 Thread 0x00000236a3a8c9d0 Exception <a 'java/lang/NoSuchMethodError'{0x000000008c815ca8}: 'java.lang.Object java.lang.invoke.DirectMethodHandle$Holder.invokeSpecial(java.lang.Object, java.lang.Object, int, java.lang.Object, java.lang.Object)'> (0x000000008c815ca8) 
thrown [s\open\src\hotspot\share\interpreter\linkResolver.cpp, line 759]
Event: 7.871 Thread 0x00000236a3a8c9d0 Implicit null exception at 0x00000236b470df70 to 0x00000236b470e1a0
Event: 8.071 Thread 0x00000236a3a8c9d0 Exception <a 'java/lang/NoSuchMethodError'{0x000000008c7d0010}: 'java.lang.Object java.lang.invoke.DirectMethodHandle$Holder.newInvokeSpecial(java.lang.Object, java.lang.Object, int, int, java.lang.Object, java.lang.Object, java.lang.Object)'> (0x000000008c7d0010) 
thrown [s\open\src\hotspot\share\interpreter\linkResolver.cpp, line 759]

VM Operations (20 events):
Event: 8.163 Executing VM operation: HandshakeAllThreads
Event: 8.163 Executing VM operation: HandshakeAllThreads done
Event: 8.172 Executing VM operation: ICBufferFull
Event: 8.172 Executing VM operation: ICBufferFull done
Event: 8.182 Executing VM operation: HandshakeAllThreads
Event: 8.182 Executing VM operation: HandshakeAllThreads done
Event: 8.212 Executing VM operation: HandshakeAllThreads
Event: 8.212 Executing VM operation: HandshakeAllThreads done
Event: 8.214 Executing VM operation: HandshakeAllThreads
Event: 8.214 Executing VM operation: HandshakeAllThreads done
Event: 8.256 Executing VM operation: HandshakeAllThreads
Event: 8.256 Executing VM operation: HandshakeAllThreads done
Event: 8.257 Executing VM operation: HandshakeAllThreads
Event: 8.257 Executing VM operation: HandshakeAllThreads done
Event: 8.299 Executing VM operation: HandshakeAllThreads
Event: 8.299 Executing VM operation: HandshakeAllThreads done
Event: 8.386 Executing VM operation: ICBufferFull
Event: 8.386 Executing VM operation: ICBufferFull done
Event: 8.427 Executing VM operation: HandshakeAllThreads
Event: 8.427 Executing VM operation: HandshakeAllThreads done

Events (20 events):
Event: 8.224 Thread 0x00000236c39ecf30 flushing nmethod 0x00000236add2ff90
Event: 8.224 Thread 0x00000236c39ecf30 flushing nmethod 0x00000236add64c90
Event: 8.225 Thread 0x00000236c39ecf30 flushing nmethod 0x00000236addeb790
Event: 8.225 Thread 0x00000236c39ecf30 flushing nmethod 0x00000236addf1a90
Event: 8.225 Thread 0x00000236c39ecf30 flushing nmethod 0x00000236addf6310
Event: 8.225 Thread 0x00000236c39ecf30 flushing nmethod 0x00000236ade39210
Event: 8.225 Thread 0x00000236c39ecf30 flushing nmethod 0x00000236ade3af10
Event: 8.225 Thread 0x00000236c39ecf30 flushing nmethod 0x00000236ade3bd90
Event: 8.225 Thread 0x00000236c39ecf30 flushing nmethod 0x00000236ade3c290
Event: 8.225 Thread 0x00000236c39ecf30 flushing nmethod 0x00000236ade3f310
Event: 8.225 Thread 0x00000236c39ecf30 flushing nmethod 0x00000236ade42a90
Event: 8.225 Thread 0x00000236c39ecf30 flushing nmethod 0x00000236ade47190
Event: 8.225 Thread 0x00000236c39ecf30 flushing nmethod 0x00000236ade78110
Event: 8.225 Thread 0x00000236c39ecf30 flushing nmethod 0x00000236adf2c290
Event: 8.225 Thread 0x00000236c39ecf30 flushing nmethod 0x00000236adf41610
Event: 8.225 Thread 0x00000236c39ecf30 flushing nmethod 0x00000236adf63a90
Event: 8.225 Thread 0x00000236c39ecf30 flushing nmethod 0x00000236adf72890
Event: 8.225 Thread 0x00000236c39ecf30 flushing nmethod 0x00000236adf73810
Event: 8.226 Thread 0x00000236c39ecf30 flushing nmethod 0x00000236ae034110
Event: 8.226 Thread 0x00000236c39ecf30 flushing nmethod 0x00000236ae037410


Dynamic libraries:
0x00007ff6f6e60000 - 0x00007ff6f6e70000 	C:\Program Files\Java\jdk-17\bin\java.exe
0x00007ff84aa70000 - 0x00007ff84ac87000 	C:\WINDOWS\SYSTEM32\ntdll.dll
0x00007ff848920000 - 0x00007ff8489e4000 	C:\WINDOWS\System32\KERNEL32.DLL
0x00007ff847dc0000 - 0x00007ff848177000 	C:\WINDOWS\System32\KERNELBASE.dll
0x00007ff8485d0000 - 0x00007ff8486e1000 	C:\WINDOWS\System32\ucrtbase.dll
0x00007ff823740000 - 0x00007ff823759000 	C:\Program Files\Java\jdk-17\bin\jli.dll
0x00007ff8310c0000 - 0x00007ff8310db000 	C:\Program Files\Java\jdk-17\bin\VCRUNTIME140.dll
0x00007ff849740000 - 0x00007ff8497f2000 	C:\WINDOWS\System32\ADVAPI32.dll
0x00007ff84a3a0000 - 0x00007ff84a447000 	C:\WINDOWS\System32\msvcrt.dll
0x00007ff848ba0000 - 0x00007ff848c48000 	C:\WINDOWS\System32\sechost.dll
0x00007ff848310000 - 0x00007ff848338000 	C:\WINDOWS\System32\bcrypt.dll
0x00007ff848fe0000 - 0x00007ff8490f4000 	C:\WINDOWS\System32\RPCRT4.dll
0x00007ff8489f0000 - 0x00007ff848b9f000 	C:\WINDOWS\System32\USER32.dll
0x00007ff8487b0000 - 0x00007ff8487d6000 	C:\WINDOWS\System32\win32u.dll
0x00007ff849100000 - 0x00007ff849129000 	C:\WINDOWS\System32\GDI32.dll
0x00007ff848340000 - 0x00007ff848458000 	C:\WINDOWS\System32\gdi32full.dll
0x00007ff848270000 - 0x00007ff84830a000 	C:\WINDOWS\System32\msvcp_win.dll
0x00007ff829a20000 - 0x00007ff829cb3000 	C:\WINDOWS\WinSxS\amd64_microsoft.windows.common-controls_6595b64144ccf1df_6.0.22621.3672_none_2713b9d173822955\COMCTL32.dll
0x00007ff836130000 - 0x00007ff83613a000 	C:\WINDOWS\SYSTEM32\VERSION.dll
0x00007ff848c50000 - 0x00007ff848c81000 	C:\WINDOWS\System32\IMM32.DLL
0x00007ff841f30000 - 0x00007ff841f3c000 	C:\Program Files\Java\jdk-17\bin\vcruntime140_1.dll
0x00007fffaada0000 - 0x00007fffaae2e000 	C:\Program Files\Java\jdk-17\bin\msvcp140.dll
0x00007fffa7500000 - 0x00007fffa80e0000 	C:\Program Files\Java\jdk-17\bin\server\jvm.dll
0x00007ff848da0000 - 0x00007ff848da8000 	C:\WINDOWS\System32\PSAPI.DLL
0x00007ff83c9f0000 - 0x00007ff83ca24000 	C:\WINDOWS\SYSTEM32\WINMM.dll
0x00007ff838e30000 - 0x00007ff838e39000 	C:\WINDOWS\SYSTEM32\WSOCK32.dll
0x00007ff84a240000 - 0x00007ff84a2b1000 	C:\WINDOWS\System32\WS2_32.dll
0x00007ff8473a0000 - 0x00007ff8473b8000 	C:\WINDOWS\SYSTEM32\kernel.appcore.dll
0x00007ff8387b0000 - 0x00007ff8387ba000 	C:\Program Files\Java\jdk-17\bin\jimage.dll
0x00007ff8456f0000 - 0x00007ff845922000 	C:\WINDOWS\SYSTEM32\DBGHELP.DLL
0x00007ff84a6e0000 - 0x00007ff84aa6e000 	C:\WINDOWS\System32\combase.dll
0x00007ff8487e0000 - 0x00007ff8488b7000 	C:\WINDOWS\System32\OLEAUT32.dll
0x00007ff81e8a0000 - 0x00007ff81e8d2000 	C:\WINDOWS\SYSTEM32\dbgcore.DLL
0x00007ff848180000 - 0x00007ff8481fb000 	C:\WINDOWS\System32\bcryptPrimitives.dll
0x00007ff823530000 - 0x00007ff823555000 	C:\Program Files\Java\jdk-17\bin\java.dll
0x00007fffa8980000 - 0x00007fffa8a57000 	C:\Program Files\Java\jdk-17\bin\jsvml.dll
0x00007ff849810000 - 0x00007ff84a079000 	C:\WINDOWS\System32\SHELL32.dll
0x00007ff845d30000 - 0x00007ff84662f000 	C:\WINDOWS\SYSTEM32\windows.storage.dll
0x00007ff845bf0000 - 0x00007ff845d2f000 	C:\WINDOWS\SYSTEM32\wintypes.dll
0x00007ff848db0000 - 0x00007ff848ea9000 	C:\WINDOWS\System32\SHCORE.dll
0x00007ff84a470000 - 0x00007ff84a4ce000 	C:\WINDOWS\System32\shlwapi.dll
0x00007ff847cf0000 - 0x00007ff847d17000 	C:\WINDOWS\SYSTEM32\profapi.dll
0x00007ff8130d0000 - 0x00007ff8130e9000 	C:\Program Files\Java\jdk-17\bin\net.dll
0x00007ff83eb00000 - 0x00007ff83ec36000 	C:\WINDOWS\SYSTEM32\WINHTTP.dll
0x00007ff8476a0000 - 0x00007ff847709000 	C:\WINDOWS\system32\mswsock.dll
0x00007ff8130b0000 - 0x00007ff8130c6000 	C:\Program Files\Java\jdk-17\bin\nio.dll
0x00007ff813090000 - 0x00007ff8130a8000 	C:\Program Files\Java\jdk-17\bin\zip.dll
0x00007ff8380e0000 - 0x00007ff8380f0000 	C:\Program Files\Java\jdk-17\bin\verify.dll

dbghelp: loaded successfully - version: 4.0.5 - missing functions: none
symbol engine: initialized successfully - sym options: 0x614 - pdb path: .;C:\Program Files\Java\jdk-17\bin;C:\WINDOWS\SYSTEM32;C:\WINDOWS\WinSxS\amd64_microsoft.windows.common-controls_6595b64144ccf1df_6.0.22621.3672_none_2713b9d173822955;C:\Program Files\Java\jdk-17\bin\server

VM Arguments:
java_command: org.jetbrains.kotlin.cli.jvm.K2JVMCompiler @D:\Users\ammar\BalanceApp\node_modules\expo-modules-autolinking\android\expo-gradle-plugin\expo-autolinking-settings-plugin\build\20250629_8608793581482616676.compiler.options
java_class_path (initial): C:\Users\ammar\.gradle\caches\modules-2\files-2.1\org.jetbrains.kotlin\kotlin-compiler-embeddable\1.9.24\78dab849090e6c5e2eadb6e59a11cdc28fb67a08\kotlin-compiler-embeddable-1.9.24.jar;C:\Users\ammar\.gradle\caches\modules-2\files-2.1\org.jetbrains.kotlin\kotlin-stdlib\1.9.24\9928532f12c66ad816a625b3f9984f8368ca6d2b\kotlin-stdlib-1.9.24.jar;C:\Users\ammar\.gradle\caches\modules-2\files-2.1\org.jetbrains.kotlin\kotlin-script-runtime\1.9.24\96771497da90fbc5af1c90fce148db2595a62502\kotlin-script-runtime-1.9.24.jar;C:\Users\ammar\.gradle\caches\modules-2\files-2.1\org.jetbrains.kotlin\kotlin-reflect\1.6.10\1cbe9c92c12a94eea200d23c2bbaedaf3daf5132\kotlin-reflect-1.6.10.jar;C:\Users\ammar\.gradle\caches\modules-2\files-2.1\org.jetbrains.kotlin\kotlin-daemon-embeddable\1.9.24\86685b9c5e8d170925bd9ddbdc263374a6a73281\kotlin-daemon-embeddable-1.9.24.jar;C:\Users\ammar\.gradle\caches\modules-2\files-2.1\org.jetbrains.intellij.deps\trove4j\1.0.20200330\3afb14d5f9ceb459d724e907a21145e8ff394f02\trove4j-1.0.20200330.jar;C:\Users\ammar\.gradle\caches\modules-2\files-2.1\org.jetbrains\annotations\13.0\919f0dfe192fb4e063e7dacadee7f8bb9a2672a9\annotations-13.0.jar
Launcher Type: SUN_STANDARD

[Global flags]
     intx CICompilerCount                          = 4                                         {product} {ergonomic}
     uint ConcGCThreads                            = 2                                         {product} {ergonomic}
     uint G1ConcRefinementThreads                  = 8                                         {product} {ergonomic}
   size_t G1HeapRegionSize                         = 1048576                                   {product} {ergonomic}
    uintx GCDrainStackTargetSize                   = 64                                        {product} {ergonomic}
   size_t InitialHeapSize                          = 130023424                                 {product} {ergonomic}
   size_t MarkStackSize                            = 4194304                                   {product} {ergonomic}
   size_t MaxHeapSize                              = 2080374784                                {product} {ergonomic}
   size_t MaxNewSize                               = 1247805440                                {product} {ergonomic}
   size_t MinHeapDeltaBytes                        = 1048576                                   {product} {ergonomic}
   size_t MinHeapSize                              = 8388608                                   {product} {ergonomic}
    uintx NonNMethodCodeHeapSize                   = 5839372                                {pd product} {ergonomic}
    uintx NonProfiledCodeHeapSize                  = 122909434                              {pd product} {ergonomic}
    uintx ProfiledCodeHeapSize                     = 122909434                              {pd product} {ergonomic}
    uintx ReservedCodeCacheSize                    = 251658240                              {pd product} {ergonomic}
     bool SegmentedCodeCache                       = true                                      {product} {ergonomic}
   size_t SoftMaxHeapSize                          = 2080374784                             {manageable} {ergonomic}
     bool UseCompressedClassPointers               = true                           {product lp64_product} {ergonomic}
     bool UseCompressedOops                        = true                           {product lp64_product} {ergonomic}
     bool UseG1GC                                  = true                                      {product} {ergonomic}
     bool UseLargePagesIndividualAllocation        = false                                  {pd product} {ergonomic}

Logging:
Log output configuration:
 #0: stdout all=warning uptime,level,tags
 #1: stderr all=off uptime,level,tags

Environment Variables:
JAVA_HOME=C:\Program Files\Java\jdk-17
CLASSPATH=D:\Users\ammar\BalanceApp\android\\gradle\wrapper\gradle-wrapper.jar
PATH=D:\Users\ammar\BalanceApp\node_modules\.bin;D:\Users\ammar\BalanceApp\node_modules\.bin;D:\Users\ammar\node_modules\.bin;D:\Users\node_modules\.bin;D:\node_modules\.bin;D:\Program Files\nodejs\node_modules\npm\node_modules\@npmcli\run-script\lib\node-gyp-bin;C:\Users\ammar\bin;D:\Program Files\Git\mingw64\bin;D:\Program Files\Git\usr\local\bin;D:\Program Files\Git\usr\bin;D:\Program Files\Git\usr\bin;D:\Program Files\Git\mingw64\bin;D:\Program Files\Git\usr\bin;C:\Users\ammar\bin;C:\Program Files\Common Files\Oracle\Java\javapath;C:\Program Files (x86)\Embarcadero\Studio\22.0\bin;C:\Users\Public\Documents\Embarcadero\Studio\22.0\Bpl;C:\Program Files (x86)\Embarcadero\Studio\22.0\bin64;C:\Users\Public\Documents\Embarcadero\Studio\22.0\Bpl\Win64;C:\windows\system32;C:\windows;C:\windows\System32\Wbem;C:\windows\System32\WindowsPowerShell\v1.0;C:\windows\System32\OpenSSH;C:\Program Files (x86)\NVIDIA Corporation\PhysX\Common;C:\WINDOWS\system32;C:\WINDOWS;C:\WINDOWS\System32\Wbem;C:\WINDOWS\System32\WindowsPowerShell\v1.0;C:\WINDOWS\System32\OpenSSH;C:\Program Files\Microsoft SQL Server\150\Tools\Binn;C:\Program Files\NVIDIA Corporation\NVIDIA NvDLISR;C:\WINDOWS\system32;C:\WINDOWS;C:\WINDOWS\System32\Wbem;C:\WINDOWS\System32\WindowsPowerShell\v1.0;C:\WINDOWS\System32\OpenSSH;C:\ProgramData\chocolatey\bin;D:\Program Files\nodejs;D:\Program Files\Git\cmd;C:\Users\ammar\AppData\Local\Microsoft\WindowsApps;C:\Users\ammar\.dotnet\tools;D:\Users\ammar\AppData\Local\Programs\Microsoft VS Code\bin;C:\Users\ammar\AppData\Roaming\npm;C:\Users\ammar\AppData\Local\Android\Sdk\platform-tools;C:\Program Files\Java\jdk-17\bin;D:\Program Files\Git\usr\bin\vendor_perl;D:\Program Files\Git\usr\bin\core_perl
USERNAME=ammar
SHELL=D:\Program Files\Git\usr\bin\bash.exe
DISPLAY=needs-to-be-defined
LC_CTYPE=en_GB.UTF-8
OS=Windows_NT
PROCESSOR_IDENTIFIER=Intel64 Family 6 Model 140 Stepping 1, GenuineIntel



---------------  S Y S T E M  ---------------

OS:
 Windows 11 , 64 bit Build 22621 (10.0.22621.3958)
OS uptime: 4 days 16:03 hours

CPU: total 8 (initial active 8) (4 cores per cpu, 2 threads per core) family 6 model 140 stepping 1 microcode 0xb8, cx8, cmov, fxsr, ht, mmx, 3dnowpref, sse, sse2, sse3, ssse3, sse4.1, sse4.2, popcnt, lzcnt, tsc, tscinvbit, avx, avx2, aes, erms, clmul, bmi1, bmi2, adx, avx512f, avx512dq, avx512cd, avx512bw, avx512vl, sha, fma, vzeroupper, avx512_vpopcntdq, avx512_vpclmulqdq, avx512_vaes, avx512_vnni, clflush, clflushopt, clwb, avx512_vbmi2, avx512_vbmi

Memory: 4k page, system-wide physical 7932M (734M free)
TotalPageFile size 23047M (AvailPageFile size 4M)
current process WorkingSet (physical memory assigned to process): 367M, peak: 367M
current process commit charge ("private bytes"): 409M, peak: 410M

vm_info: Java HotSpot(TM) 64-Bit Server VM (17.0.12+8-LTS-286) for windows-amd64 JRE (17.0.12+8-LTS-286), built on Jun  5 2024 06:46:59 by "mach5one" with MS VC++ 17.6 (VS2022)

END.
